<?xml version="1.0" encoding="UTF-8"?>
<testsuite name="tests.WebQuizEngineTest" tests="1" skipped="0" failures="0" errors="0" timestamp="2022-04-13T19:26:06" hostname="LAPTOP-V2MUJKD3" time="24.207">
  <properties/>
  <testcase name="start" classname="tests.WebQuizEngineTest" time="24.207"/>
  <system-out><![CDATA[?[1;31m
Start test 1?[0m

  .   ____          _            __ _ _
 /\\ / ___'_ __ _ _(_)_ __  __ _ \ \ \ \
( ( )\___ | '_ | '_| | '_ \/ _` | \ \ \ \
 \\/  ___)| |_)| | | | | || (_| |  ) ) ) )
  '  |____| .__|_| |_|_| |_\__, | / / / /
 =========|_|==============|___/=/_/_/_/
 :: Spring Boot ::                (v2.5.6)

2022-04-13 15:26:06.708  INFO 21384 --- [    Test worker] engine.WebQuizEngine                     : Starting WebQuizEngine using Java 17.0.2 on LAPTOP-V2MUJKD3 with PID 21384 (started by josse in C:\Users\josse\Documents\development\java\Web Quiz Engine\Web Quiz Engine\task)
2022-04-13 15:26:06.710  INFO 21384 --- [    Test worker] engine.WebQuizEngine                     : No active profile set, falling back to default profiles: default
2022-04-13 15:26:07.575  INFO 21384 --- [    Test worker] .s.d.r.c.RepositoryConfigurationDelegate : Bootstrapping Spring Data JPA repositories in DEFAULT mode.
2022-04-13 15:26:07.635  INFO 21384 --- [    Test worker] .s.d.r.c.RepositoryConfigurationDelegate : Finished Spring Data repository scanning in 50 ms. Found 3 JPA repository interfaces.
2022-04-13 15:26:08.198  INFO 21384 --- [    Test worker] o.s.b.w.embedded.tomcat.TomcatWebServer  : Tomcat initialized with port(s): 8889 (http)
2022-04-13 15:26:08.208  INFO 21384 --- [    Test worker] o.apache.catalina.core.StandardService   : Starting service [Tomcat]
2022-04-13 15:26:08.209  INFO 21384 --- [    Test worker] org.apache.catalina.core.StandardEngine  : Starting Servlet engine: [Apache Tomcat/9.0.54]
2022-04-13 15:26:08.307  INFO 21384 --- [    Test worker] o.a.c.c.C.[Tomcat].[localhost].[/]       : Initializing Spring embedded WebApplicationContext
2022-04-13 15:26:08.307  INFO 21384 --- [    Test worker] w.s.c.ServletWebServerApplicationContext : Root WebApplicationContext: initialization completed in 1553 ms
2022-04-13 15:26:08.427  INFO 21384 --- [    Test worker] com.zaxxer.hikari.HikariDataSource       : HikariPool-1 - Starting...
2022-04-13 15:26:08.635  INFO 21384 --- [    Test worker] com.zaxxer.hikari.HikariDataSource       : HikariPool-1 - Start completed.
2022-04-13 15:26:08.642  INFO 21384 --- [    Test worker] o.s.b.a.h2.H2ConsoleAutoConfiguration    : H2 console available at '/h2-console'. Database available at 'jdbc:h2:file:../quizdb'
2022-04-13 15:26:08.854  INFO 21384 --- [    Test worker] o.hibernate.jpa.internal.util.LogHelper  : HHH000204: Processing PersistenceUnitInfo [name: default]
2022-04-13 15:26:08.942  INFO 21384 --- [    Test worker] org.hibernate.Version                    : HHH000412: Hibernate ORM core version 5.4.32.Final
2022-04-13 15:26:09.148  INFO 21384 --- [    Test worker] o.hibernate.annotations.common.Version   : HCANN000001: Hibernate Commons Annotations {5.1.2.Final}
2022-04-13 15:26:09.271  INFO 21384 --- [    Test worker] org.hibernate.dialect.Dialect            : HHH000400: Using dialect: org.hibernate.dialect.H2Dialect
Hibernate: create table quiz (id bigint not null, text varchar(255), title varchar(255), author_id bigint, primary key (id))
Hibernate: create table quiz_answers (quiz_id bigint not null, answers integer)
Hibernate: create table quiz_options (quiz_id bigint not null, options varchar(255))
Hibernate: create table quiz_completed (id bigint not null, completed_at timestamp, quiz_id bigint, user_id bigint, primary key (id))
Hibernate: create table user (id bigint not null, email varchar(255), password varchar(255), primary key (id))
Hibernate: create sequence hibernate_sequence start with 1 increment by 1
Hibernate: alter table quiz add constraint FK9n0balghewnhi2ci2k8hleigm foreign key (author_id) references user
Hibernate: alter table quiz_answers add constraint FK8lvmxhdiquqxnukj23drsesc6 foreign key (quiz_id) references quiz
Hibernate: alter table quiz_options add constraint FKsx28j7orq6asg17veq9nblhw8 foreign key (quiz_id) references quiz
Hibernate: alter table quiz_completed add constraint FK911t8yy1xjpyutdubfcwtdjx1 foreign key (quiz_id) references quiz
Hibernate: alter table quiz_completed add constraint FKhjx70yv14lfhcf8cc6e1uyqor foreign key (user_id) references user
2022-04-13 15:26:09.939  INFO 21384 --- [    Test worker] o.h.e.t.j.p.i.JtaPlatformInitiator       : HHH000490: Using JtaPlatform implementation: [org.hibernate.engine.transaction.jta.platform.internal.NoJtaPlatform]
2022-04-13 15:26:09.948  INFO 21384 --- [    Test worker] j.LocalContainerEntityManagerFactoryBean : Initialized JPA EntityManagerFactory for persistence unit 'default'
2022-04-13 15:26:09.992  WARN 21384 --- [    Test worker] JpaBaseConfiguration$JpaWebConfiguration : spring.jpa.open-in-view is enabled by default. Therefore, database queries may be performed during view rendering. Explicitly configure spring.jpa.open-in-view to disable this warning
2022-04-13 15:26:11.042  INFO 21384 --- [    Test worker] o.s.b.a.e.web.EndpointLinksResolver      : Exposing 14 endpoint(s) beneath base path '/actuator'
2022-04-13 15:26:11.122  INFO 21384 --- [    Test worker] o.s.s.web.DefaultSecurityFilterChain     : Will secure any request with [org.springframework.security.web.context.request.async.WebAsyncManagerIntegrationFilter@77f95e19, org.springframework.security.web.context.SecurityContextPersistenceFilter@5af47414, org.springframework.security.web.header.HeaderWriterFilter@2dc72c0c, org.springframework.security.web.authentication.logout.LogoutFilter@21a462ce, org.springframework.security.web.authentication.www.BasicAuthenticationFilter@1a865ebf, org.springframework.security.web.savedrequest.RequestCacheAwareFilter@178617da, org.springframework.security.web.servletapi.SecurityContextHolderAwareRequestFilter@10264cb0, org.springframework.security.web.authentication.AnonymousAuthenticationFilter@4607cbe2, org.springframework.security.web.session.SessionManagementFilter@2e9f5499, org.springframework.security.web.access.ExceptionTranslationFilter@2738a1fc, org.springframework.security.web.access.intercept.FilterSecurityInterceptor@39ee07a9]
2022-04-13 15:26:11.377  INFO 21384 --- [    Test worker] o.s.b.w.embedded.tomcat.TomcatWebServer  : Tomcat started on port(s): 8889 (http) with context path ''
2022-04-13 15:26:11.387  INFO 21384 --- [    Test worker] engine.WebQuizEngine                     : Started WebQuizEngine in 4.99 seconds (JVM running for 5.684)
2022-04-13 15:26:11.721  INFO 21384 --- [nio-8889-exec-1] o.a.c.c.C.[Tomcat].[localhost].[/]       : Initializing Spring DispatcherServlet 'dispatcherServlet'
2022-04-13 15:26:11.722  INFO 21384 --- [nio-8889-exec-1] o.s.web.servlet.DispatcherServlet        : Initializing Servlet 'dispatcherServlet'
2022-04-13 15:26:11.724  INFO 21384 --- [nio-8889-exec-1] o.s.web.servlet.DispatcherServlet        : Completed initialization in 2 ms
Hibernate: select user0_.id as id1_4_, user0_.email as email2_4_, user0_.password as password3_4_ from user user0_ where user0_.email=?
Hibernate: call next value for hibernate_sequence
Hibernate: insert into user (email, password, id) values (?, ?, ?)
2022-04-13 15:26:12.015  INFO 21384 --- [nio-8889-exec-1] engine.controller.AuthController         : saved user: User{id=1, email='test@google.com', password='$2a$10$Z50PgNNeRwNuK374ZxYDnOHt6Rb2zfo6bfGCXQhA19YdTjEyHAi1q'}
?[1;31m
Start test 2?[0m
Hibernate: select user0_.id as id1_4_, user0_.email as email2_4_, user0_.password as password3_4_ from user user0_ where user0_.email=?
Hibernate: call next value for hibernate_sequence
Hibernate: insert into user (email, password, id) values (?, ?, ?)
2022-04-13 15:26:12.100  INFO 21384 --- [nio-8889-exec-2] engine.controller.AuthController         : saved user: User{id=2, email='user@google.com', password='$2a$10$ZY3SVGBGsWgFTLE1JiYTweE2Dyklh9vtWYyj/mGrhTzZ5w3CJcZHy'}
?[1;31m
Start test 3?[0m
2022-04-13 15:26:12.128  WARN 21384 --- [nio-8889-exec-3] .w.s.m.s.DefaultHandlerExceptionResolver : Resolved [org.springframework.web.bind.MethodArgumentNotValidException: Validation failed for argument [0] in public org.springframework.http.ResponseEntity engine.controller.AuthController.register(engine.model.User): [Field error in object 'user' on field 'email': rejected value [google.com]; codes [Email.user.email,Email.email,Email.java.lang.String,Email]; arguments [org.springframework.context.support.DefaultMessageSourceResolvable: codes [user.email,email]; arguments []; default message [email],[Ljavax.validation.constraints.Pattern$Flag;@46b822fd,.+@.+\..+]; default message [must be a well-formed email address]] ]
?[1;31m
Start test 4?[0m
2022-04-13 15:26:12.159  WARN 21384 --- [nio-8889-exec-4] .w.s.m.s.DefaultHandlerExceptionResolver : Resolved [org.springframework.web.bind.MethodArgumentNotValidException: Validation failed for argument [0] in public org.springframework.http.ResponseEntity engine.controller.AuthController.register(engine.model.User): [Field error in object 'user' on field 'email': rejected value [well@googlecom]; codes [Email.user.email,Email.email,Email.java.lang.String,Email]; arguments [org.springframework.context.support.DefaultMessageSourceResolvable: codes [user.email,email]; arguments []; default message [email],[Ljavax.validation.constraints.Pattern$Flag;@46b822fd,.+@.+\..+]; default message [must be a well-formed email address]] ]
?[1;31m
Start test 5?[0m
Hibernate: select user0_.id as id1_4_, user0_.email as email2_4_, user0_.password as password3_4_ from user user0_ where user0_.email=?
?[1;31m
Start test 6?[0m
2022-04-13 15:26:12.187  WARN 21384 --- [nio-8889-exec-6] .w.s.m.s.DefaultHandlerExceptionResolver : Resolved [org.springframework.web.bind.MethodArgumentNotValidException: Validation failed for argument [0] in public org.springframework.http.ResponseEntity engine.controller.AuthController.register(engine.model.User): [Field error in object 'user' on field 'password': rejected value [1234]; codes [Size.user.password,Size.password,Size.java.lang.String,Size]; arguments [org.springframework.context.support.DefaultMessageSourceResolvable: codes [user.password,password]; arguments []; default message [password],2147483647,5]; default message [size must be between 5 and 2147483647]] ]
?[1;31m
Start test 7?[0m
2022-04-13 15:26:12.197  WARN 21384 --- [nio-8889-exec-7] .w.s.m.s.DefaultHandlerExceptionResolver : Resolved [org.springframework.web.bind.MethodArgumentNotValidException: Validation failed for argument [0] in public org.springframework.http.ResponseEntity engine.controller.AuthController.register(engine.model.User): [Field error in object 'user' on field 'password': rejected value [123]; codes [Size.user.password,Size.password,Size.java.lang.String,Size]; arguments [org.springframework.context.support.DefaultMessageSourceResolvable: codes [user.password,password]; arguments []; default message [password],2147483647,5]; default message [size must be between 5 and 2147483647]] ]
?[1;31m
Start test 8?[0m
Hibernate: select user0_.id as id1_4_, user0_.email as email2_4_, user0_.password as password3_4_ from user user0_ where user0_.email=?
Hibernate: select quiz0_.id as id1_0_, quiz0_.author_id as author_i4_0_, quiz0_.text as text2_0_, quiz0_.title as title3_0_ from quiz quiz0_ limit ?
?[1;31m
Start test 9?[0m
Hibernate: select user0_.id as id1_4_, user0_.email as email2_4_, user0_.password as password3_4_ from user user0_ where user0_.email=?
Hibernate: select quiz0_.id as id1_0_, quiz0_.author_id as author_i4_0_, quiz0_.text as text2_0_, quiz0_.title as title3_0_ from quiz quiz0_ limit ?
?[1;31m
Start test 10?[0m
Hibernate: select user0_.id as id1_4_, user0_.email as email2_4_, user0_.password as password3_4_ from user user0_ where user0_.email=?
Hibernate: select user0_.id as id1_4_, user0_.email as email2_4_, user0_.password as password3_4_ from user user0_ where user0_.email=?
2022-04-13 15:26:12.557  INFO 21384 --- [nio-8889-exec-2] engine.controller.QuizController         : User{id=1, email='test@google.com', password='$2a$10$Z50PgNNeRwNuK374ZxYDnOHt6Rb2zfo6bfGCXQhA19YdTjEyHAi1q'} has created: Quiz{id=0, title='The Java Logo', text='What is depicted on the Java logo?', options=[Robot, Tea leaf, Cup of coffee, Bug], answers=[2], author=User{id=1, email='test@google.com', password='$2a$10$Z50PgNNeRwNuK374ZxYDnOHt6Rb2zfo6bfGCXQhA19YdTjEyHAi1q'}}
Hibernate: call next value for hibernate_sequence
Hibernate: insert into quiz (author_id, text, title, id) values (?, ?, ?, ?)
Hibernate: insert into quiz_answers (quiz_id, answers) values (?, ?)
Hibernate: insert into quiz_options (quiz_id, options) values (?, ?)
Hibernate: insert into quiz_options (quiz_id, options) values (?, ?)
Hibernate: insert into quiz_options (quiz_id, options) values (?, ?)
Hibernate: insert into quiz_options (quiz_id, options) values (?, ?)
?[1;31m
Start test 11?[0m
Hibernate: select user0_.id as id1_4_, user0_.email as email2_4_, user0_.password as password3_4_ from user user0_ where user0_.email=?
Hibernate: select quiz0_.id as id1_0_0_, quiz0_.author_id as author_i4_0_0_, quiz0_.text as text2_0_0_, quiz0_.title as title3_0_0_, user1_.id as id1_4_1_, user1_.email as email2_4_1_, user1_.password as password3_4_1_ from quiz quiz0_ left outer join user user1_ on quiz0_.author_id=user1_.id where quiz0_.id=?
Hibernate: select options0_.quiz_id as quiz_id1_2_0_, options0_.options as options2_2_0_ from quiz_options options0_ where options0_.quiz_id=?
?[1;31m
Start test 12?[0m
Hibernate: select user0_.id as id1_4_, user0_.email as email2_4_, user0_.password as password3_4_ from user user0_ where user0_.email=?
Hibernate: select quiz0_.id as id1_0_0_, quiz0_.author_id as author_i4_0_0_, quiz0_.text as text2_0_0_, quiz0_.title as title3_0_0_, user1_.id as id1_4_1_, user1_.email as email2_4_1_, user1_.password as password3_4_1_ from quiz quiz0_ left outer join user user1_ on quiz0_.author_id=user1_.id where quiz0_.id=?
?[1;31m
Start test 13?[0m
Hibernate: select user0_.id as id1_4_, user0_.email as email2_4_, user0_.password as password3_4_ from user user0_ where user0_.email=?
Hibernate: select quiz0_.id as id1_0_, quiz0_.author_id as author_i4_0_, quiz0_.text as text2_0_, quiz0_.title as title3_0_ from quiz quiz0_ limit ?
Hibernate: select user0_.id as id1_4_0_, user0_.email as email2_4_0_, user0_.password as password3_4_0_ from user user0_ where user0_.id=?
Hibernate: select options0_.quiz_id as quiz_id1_2_0_, options0_.options as options2_2_0_ from quiz_options options0_ where options0_.quiz_id=?
?[1;31m
Start test 14?[0m
Hibernate: select user0_.id as id1_4_, user0_.email as email2_4_, user0_.password as password3_4_ from user user0_ where user0_.email=?
Hibernate: select user0_.id as id1_4_, user0_.email as email2_4_, user0_.password as password3_4_ from user user0_ where user0_.email=?
2022-04-13 15:26:12.860  INFO 21384 --- [nio-8889-exec-6] engine.controller.QuizController         : User{id=2, email='user@google.com', password='$2a$10$ZY3SVGBGsWgFTLE1JiYTweE2Dyklh9vtWYyj/mGrhTzZ5w3CJcZHy'} has created: Quiz{id=0, title='The Ultimate Question', text='What is the answer to the Ultimate Question of Life, the Universe and Everything?', options=[Everything goes right, 42, 2+2=4, 11011100], answers=[1], author=User{id=2, email='user@google.com', password='$2a$10$ZY3SVGBGsWgFTLE1JiYTweE2Dyklh9vtWYyj/mGrhTzZ5w3CJcZHy'}}
Hibernate: call next value for hibernate_sequence
Hibernate: insert into quiz (author_id, text, title, id) values (?, ?, ?, ?)
Hibernate: insert into quiz_answers (quiz_id, answers) values (?, ?)
Hibernate: insert into quiz_options (quiz_id, options) values (?, ?)
Hibernate: insert into quiz_options (quiz_id, options) values (?, ?)
Hibernate: insert into quiz_options (quiz_id, options) values (?, ?)
Hibernate: insert into quiz_options (quiz_id, options) values (?, ?)
?[1;31m
Start test 15?[0m
Hibernate: select user0_.id as id1_4_, user0_.email as email2_4_, user0_.password as password3_4_ from user user0_ where user0_.email=?
Hibernate: select quiz0_.id as id1_0_0_, quiz0_.author_id as author_i4_0_0_, quiz0_.text as text2_0_0_, quiz0_.title as title3_0_0_, user1_.id as id1_4_1_, user1_.email as email2_4_1_, user1_.password as password3_4_1_ from quiz quiz0_ left outer join user user1_ on quiz0_.author_id=user1_.id where quiz0_.id=?
Hibernate: select options0_.quiz_id as quiz_id1_2_0_, options0_.options as options2_2_0_ from quiz_options options0_ where options0_.quiz_id=?
?[1;31m
Start test 16?[0m
Hibernate: select user0_.id as id1_4_, user0_.email as email2_4_, user0_.password as password3_4_ from user user0_ where user0_.email=?
Hibernate: select quiz0_.id as id1_0_0_, quiz0_.author_id as author_i4_0_0_, quiz0_.text as text2_0_0_, quiz0_.title as title3_0_0_, user1_.id as id1_4_1_, user1_.email as email2_4_1_, user1_.password as password3_4_1_ from quiz quiz0_ left outer join user user1_ on quiz0_.author_id=user1_.id where quiz0_.id=?
?[1;31m
Start test 17?[0m
Hibernate: select user0_.id as id1_4_, user0_.email as email2_4_, user0_.password as password3_4_ from user user0_ where user0_.email=?
Hibernate: select quiz0_.id as id1_0_, quiz0_.author_id as author_i4_0_, quiz0_.text as text2_0_, quiz0_.title as title3_0_ from quiz quiz0_ limit ?
Hibernate: select user0_.id as id1_4_0_, user0_.email as email2_4_0_, user0_.password as password3_4_0_ from user user0_ where user0_.id=?
Hibernate: select user0_.id as id1_4_0_, user0_.email as email2_4_0_, user0_.password as password3_4_0_ from user user0_ where user0_.id=?
Hibernate: select options0_.quiz_id as quiz_id1_2_0_, options0_.options as options2_2_0_ from quiz_options options0_ where options0_.quiz_id=?
Hibernate: select options0_.quiz_id as quiz_id1_2_0_, options0_.options as options2_2_0_ from quiz_options options0_ where options0_.quiz_id=?
?[1;31m
Start test 18?[0m
?[1;31m
Start test 19?[0m
?[1;31m
Start test 20?[0m
?[1;31m
Start test 21?[0m
?[1;31m
Start test 22?[0m
?[1;31m
Start test 23?[0m
?[1;31m
Start test 24?[0m
?[1;31m
Start test 25?[0m
?[1;31m
Start test 26?[0m
Hibernate: select user0_.id as id1_4_, user0_.email as email2_4_, user0_.password as password3_4_ from user user0_ where user0_.email=?
?[1;31m
Start test 27?[0m
Hibernate: select user0_.id as id1_4_, user0_.email as email2_4_, user0_.password as password3_4_ from user user0_ where user0_.email=?
?[1;31m
Start test 28?[0m
Hibernate: select user0_.id as id1_4_, user0_.email as email2_4_, user0_.password as password3_4_ from user user0_ where user0_.email=?
?[1;31m
Start test 29?[0m
Hibernate: select user0_.id as id1_4_, user0_.email as email2_4_, user0_.password as password3_4_ from user user0_ where user0_.email=?
?[1;31m
Start test 30?[0m
Hibernate: select user0_.id as id1_4_, user0_.email as email2_4_, user0_.password as password3_4_ from user user0_ where user0_.email=?
?[1;31m
Start test 31?[0m
Hibernate: select user0_.id as id1_4_, user0_.email as email2_4_, user0_.password as password3_4_ from user user0_ where user0_.email=?
?[1;31m
Start test 32?[0m
Hibernate: select user0_.id as id1_4_, user0_.email as email2_4_, user0_.password as password3_4_ from user user0_ where user0_.email=?
?[1;31m
Start test 33?[0m
Hibernate: select user0_.id as id1_4_, user0_.email as email2_4_, user0_.password as password3_4_ from user user0_ where user0_.email=?
?[1;31m
Start test 34?[0m
Hibernate: select user0_.id as id1_4_, user0_.email as email2_4_, user0_.password as password3_4_ from user user0_ where user0_.email=?
Hibernate: select quiz0_.id as id1_0_0_, quiz0_.author_id as author_i4_0_0_, quiz0_.text as text2_0_0_, quiz0_.title as title3_0_0_, user1_.id as id1_4_1_, user1_.email as email2_4_1_, user1_.password as password3_4_1_ from quiz quiz0_ left outer join user user1_ on quiz0_.author_id=user1_.id where quiz0_.id=?
Hibernate: select answers0_.quiz_id as quiz_id1_1_0_, answers0_.answers as answers2_1_0_ from quiz_answers answers0_ where answers0_.quiz_id=?
2022-04-13 15:26:13.236  INFO 21384 --- [nio-8889-exec-6] engine.controller.QuizController         : client answer: [0]
2022-04-13 15:26:13.236  INFO 21384 --- [nio-8889-exec-6] engine.controller.QuizController         : quiz answer: [2]
2022-04-13 15:26:13.236  INFO 21384 --- [nio-8889-exec-6] engine.controller.QuizController         : result: false
?[1;31m
Start test 35?[0m
Hibernate: select user0_.id as id1_4_, user0_.email as email2_4_, user0_.password as password3_4_ from user user0_ where user0_.email=?
Hibernate: select quiz0_.id as id1_0_0_, quiz0_.author_id as author_i4_0_0_, quiz0_.text as text2_0_0_, quiz0_.title as title3_0_0_, user1_.id as id1_4_1_, user1_.email as email2_4_1_, user1_.password as password3_4_1_ from quiz quiz0_ left outer join user user1_ on quiz0_.author_id=user1_.id where quiz0_.id=?
Hibernate: select answers0_.quiz_id as quiz_id1_1_0_, answers0_.answers as answers2_1_0_ from quiz_answers answers0_ where answers0_.quiz_id=?
2022-04-13 15:26:13.306  INFO 21384 --- [nio-8889-exec-8] engine.controller.QuizController         : client answer: [1]
2022-04-13 15:26:13.306  INFO 21384 --- [nio-8889-exec-8] engine.controller.QuizController         : quiz answer: [2]
2022-04-13 15:26:13.306  INFO 21384 --- [nio-8889-exec-8] engine.controller.QuizController         : result: false
?[1;31m
Start test 36?[0m
Hibernate: select user0_.id as id1_4_, user0_.email as email2_4_, user0_.password as password3_4_ from user user0_ where user0_.email=?
Hibernate: select quiz0_.id as id1_0_0_, quiz0_.author_id as author_i4_0_0_, quiz0_.text as text2_0_0_, quiz0_.title as title3_0_0_, user1_.id as id1_4_1_, user1_.email as email2_4_1_, user1_.password as password3_4_1_ from quiz quiz0_ left outer join user user1_ on quiz0_.author_id=user1_.id where quiz0_.id=?
Hibernate: select answers0_.quiz_id as quiz_id1_1_0_, answers0_.answers as answers2_1_0_ from quiz_answers answers0_ where answers0_.quiz_id=?
2022-04-13 15:26:13.373  INFO 21384 --- [nio-8889-exec-5] engine.controller.QuizController         : client answer: [2]
2022-04-13 15:26:13.373  INFO 21384 --- [nio-8889-exec-5] engine.controller.QuizController         : quiz answer: [2]
2022-04-13 15:26:13.373  INFO 21384 --- [nio-8889-exec-5] engine.controller.QuizController         : result: true
Hibernate: select user0_.id as id1_4_, user0_.email as email2_4_, user0_.password as password3_4_ from user user0_ where user0_.email=?
Hibernate: call next value for hibernate_sequence
Hibernate: insert into quiz_completed (completed_at, quiz_id, user_id, id) values (?, ?, ?, ?)
Hibernate: select options0_.quiz_id as quiz_id1_2_0_, options0_.options as options2_2_0_ from quiz_options options0_ where options0_.quiz_id=?
2022-04-13 15:26:13.380  INFO 21384 --- [nio-8889-exec-5] engine.controller.QuizController         : User{id=1, email='test@google.com', password='$2a$10$Z50PgNNeRwNuK374ZxYDnOHt6Rb2zfo6bfGCXQhA19YdTjEyHAi1q'} has solved: Quiz{id=3, title='The Java Logo', text='What is depicted on the Java logo?', options=[Robot, Tea leaf, Cup of coffee, Bug], answers=[2], author=User{id=1, email='test@google.com', password='$2a$10$Z50PgNNeRwNuK374ZxYDnOHt6Rb2zfo6bfGCXQhA19YdTjEyHAi1q'}}
result: QuizCompleted{id=5, user=1, quiz=3, completedAt=2022-04-13T15:26:13.374768300}
?[1;31m
Start test 37?[0m
Hibernate: select user0_.id as id1_4_, user0_.email as email2_4_, user0_.password as password3_4_ from user user0_ where user0_.email=?
Hibernate: select quiz0_.id as id1_0_0_, quiz0_.author_id as author_i4_0_0_, quiz0_.text as text2_0_0_, quiz0_.title as title3_0_0_, user1_.id as id1_4_1_, user1_.email as email2_4_1_, user1_.password as password3_4_1_ from quiz quiz0_ left outer join user user1_ on quiz0_.author_id=user1_.id where quiz0_.id=?
Hibernate: select answers0_.quiz_id as quiz_id1_1_0_, answers0_.answers as answers2_1_0_ from quiz_answers answers0_ where answers0_.quiz_id=?
2022-04-13 15:26:13.445  INFO 21384 --- [nio-8889-exec-3] engine.controller.QuizController         : client answer: [3]
2022-04-13 15:26:13.446  INFO 21384 --- [nio-8889-exec-3] engine.controller.QuizController         : quiz answer: [2]
2022-04-13 15:26:13.446  INFO 21384 --- [nio-8889-exec-3] engine.controller.QuizController         : result: false
?[1;31m
Start test 38?[0m
Hibernate: select user0_.id as id1_4_, user0_.email as email2_4_, user0_.password as password3_4_ from user user0_ where user0_.email=?
Hibernate: select quiz0_.id as id1_0_0_, quiz0_.author_id as author_i4_0_0_, quiz0_.text as text2_0_0_, quiz0_.title as title3_0_0_, user1_.id as id1_4_1_, user1_.email as email2_4_1_, user1_.password as password3_4_1_ from quiz quiz0_ left outer join user user1_ on quiz0_.author_id=user1_.id where quiz0_.id=?
Hibernate: select answers0_.quiz_id as quiz_id1_1_0_, answers0_.answers as answers2_1_0_ from quiz_answers answers0_ where answers0_.quiz_id=?
2022-04-13 15:26:13.511  INFO 21384 --- [nio-8889-exec-6] engine.controller.QuizController         : client answer: [0]
2022-04-13 15:26:13.512  INFO 21384 --- [nio-8889-exec-6] engine.controller.QuizController         : quiz answer: [1]
2022-04-13 15:26:13.512  INFO 21384 --- [nio-8889-exec-6] engine.controller.QuizController         : result: false
?[1;31m
Start test 39?[0m
Hibernate: select user0_.id as id1_4_, user0_.email as email2_4_, user0_.password as password3_4_ from user user0_ where user0_.email=?
Hibernate: select quiz0_.id as id1_0_0_, quiz0_.author_id as author_i4_0_0_, quiz0_.text as text2_0_0_, quiz0_.title as title3_0_0_, user1_.id as id1_4_1_, user1_.email as email2_4_1_, user1_.password as password3_4_1_ from quiz quiz0_ left outer join user user1_ on quiz0_.author_id=user1_.id where quiz0_.id=?
Hibernate: select answers0_.quiz_id as quiz_id1_1_0_, answers0_.answers as answers2_1_0_ from quiz_answers answers0_ where answers0_.quiz_id=?
2022-04-13 15:26:13.578  INFO 21384 --- [nio-8889-exec-1] engine.controller.QuizController         : client answer: [1]
2022-04-13 15:26:13.578  INFO 21384 --- [nio-8889-exec-1] engine.controller.QuizController         : quiz answer: [1]
2022-04-13 15:26:13.578  INFO 21384 --- [nio-8889-exec-1] engine.controller.QuizController         : result: true
Hibernate: select user0_.id as id1_4_, user0_.email as email2_4_, user0_.password as password3_4_ from user user0_ where user0_.email=?
Hibernate: call next value for hibernate_sequence
Hibernate: insert into quiz_completed (completed_at, quiz_id, user_id, id) values (?, ?, ?, ?)
Hibernate: select options0_.quiz_id as quiz_id1_2_0_, options0_.options as options2_2_0_ from quiz_options options0_ where options0_.quiz_id=?
2022-04-13 15:26:13.580  INFO 21384 --- [nio-8889-exec-1] engine.controller.QuizController         : User{id=2, email='user@google.com', password='$2a$10$ZY3SVGBGsWgFTLE1JiYTweE2Dyklh9vtWYyj/mGrhTzZ5w3CJcZHy'} has solved: Quiz{id=4, title='The Ultimate Question', text='What is the answer to the Ultimate Question of Life, the Universe and Everything?', options=[Everything goes right, 42, 2+2=4, 11011100], answers=[1], author=User{id=2, email='user@google.com', password='$2a$10$ZY3SVGBGsWgFTLE1JiYTweE2Dyklh9vtWYyj/mGrhTzZ5w3CJcZHy'}}
result: QuizCompleted{id=6, user=2, quiz=4, completedAt=2022-04-13T15:26:13.579086700}
?[1;31m
Start test 40?[0m
Hibernate: select user0_.id as id1_4_, user0_.email as email2_4_, user0_.password as password3_4_ from user user0_ where user0_.email=?
Hibernate: select quiz0_.id as id1_0_0_, quiz0_.author_id as author_i4_0_0_, quiz0_.text as text2_0_0_, quiz0_.title as title3_0_0_, user1_.id as id1_4_1_, user1_.email as email2_4_1_, user1_.password as password3_4_1_ from quiz quiz0_ left outer join user user1_ on quiz0_.author_id=user1_.id where quiz0_.id=?
Hibernate: select answers0_.quiz_id as quiz_id1_1_0_, answers0_.answers as answers2_1_0_ from quiz_answers answers0_ where answers0_.quiz_id=?
2022-04-13 15:26:13.647  INFO 21384 --- [nio-8889-exec-2] engine.controller.QuizController         : client answer: [2]
2022-04-13 15:26:13.647  INFO 21384 --- [nio-8889-exec-2] engine.controller.QuizController         : quiz answer: [1]
2022-04-13 15:26:13.647  INFO 21384 --- [nio-8889-exec-2] engine.controller.QuizController         : result: false
?[1;31m
Start test 41?[0m
Hibernate: select user0_.id as id1_4_, user0_.email as email2_4_, user0_.password as password3_4_ from user user0_ where user0_.email=?
Hibernate: select quiz0_.id as id1_0_0_, quiz0_.author_id as author_i4_0_0_, quiz0_.text as text2_0_0_, quiz0_.title as title3_0_0_, user1_.id as id1_4_1_, user1_.email as email2_4_1_, user1_.password as password3_4_1_ from quiz quiz0_ left outer join user user1_ on quiz0_.author_id=user1_.id where quiz0_.id=?
Hibernate: select answers0_.quiz_id as quiz_id1_1_0_, answers0_.answers as answers2_1_0_ from quiz_answers answers0_ where answers0_.quiz_id=?
2022-04-13 15:26:13.713  INFO 21384 --- [nio-8889-exec-7] engine.controller.QuizController         : client answer: [3]
2022-04-13 15:26:13.713  INFO 21384 --- [nio-8889-exec-7] engine.controller.QuizController         : quiz answer: [1]
2022-04-13 15:26:13.713  INFO 21384 --- [nio-8889-exec-7] engine.controller.QuizController         : result: false
?[1;31m
Start test 42?[0m
Hibernate: select user0_.id as id1_4_, user0_.email as email2_4_, user0_.password as password3_4_ from user user0_ where user0_.email=?
Hibernate: select user0_.id as id1_4_, user0_.email as email2_4_, user0_.password as password3_4_ from user user0_ where user0_.email=?
2022-04-13 15:26:13.777  INFO 21384 --- [io-8889-exec-10] engine.controller.QuizController         : User soliciting its completed quizzes: 1
Hibernate: select quizcomple0_.id as id1_3_, quizcomple0_.completed_at as complete2_3_, quizcomple0_.quiz_id as quiz_id3_3_, quizcomple0_.user_id as user_id4_3_ from quiz_completed quizcomple0_ where quizcomple0_.user_id=? order by quizcomple0_.completed_at desc limit ?
Hibernate: select quiz0_.id as id1_0_0_, quiz0_.author_id as author_i4_0_0_, quiz0_.text as text2_0_0_, quiz0_.title as title3_0_0_, user1_.id as id1_4_1_, user1_.email as email2_4_1_, user1_.password as password3_4_1_ from quiz quiz0_ left outer join user user1_ on quiz0_.author_id=user1_.id where quiz0_.id=?
QuizCompleted{id=5, user=1, quiz=3, completedAt=2022-04-13T15:26:13.374768}
?[1;31m
Start test 43?[0m
Hibernate: select user0_.id as id1_4_, user0_.email as email2_4_, user0_.password as password3_4_ from user user0_ where user0_.email=?
Hibernate: select user0_.id as id1_4_, user0_.email as email2_4_, user0_.password as password3_4_ from user user0_ where user0_.email=?
2022-04-13 15:26:13.851  INFO 21384 --- [nio-8889-exec-9] engine.controller.QuizController         : User soliciting its completed quizzes: 2
Hibernate: select quizcomple0_.id as id1_3_, quizcomple0_.completed_at as complete2_3_, quizcomple0_.quiz_id as quiz_id3_3_, quizcomple0_.user_id as user_id4_3_ from quiz_completed quizcomple0_ where quizcomple0_.user_id=? order by quizcomple0_.completed_at desc limit ?
Hibernate: select quiz0_.id as id1_0_0_, quiz0_.author_id as author_i4_0_0_, quiz0_.text as text2_0_0_, quiz0_.title as title3_0_0_, user1_.id as id1_4_1_, user1_.email as email2_4_1_, user1_.password as password3_4_1_ from quiz quiz0_ left outer join user user1_ on quiz0_.author_id=user1_.id where quiz0_.id=?
QuizCompleted{id=6, user=2, quiz=4, completedAt=2022-04-13T15:26:13.579087}
?[1;31m
Start test 44?[0m
Hibernate: select user0_.id as id1_4_, user0_.email as email2_4_, user0_.password as password3_4_ from user user0_ where user0_.email=?
Hibernate: select quiz0_.id as id1_0_, quiz0_.author_id as author_i4_0_, quiz0_.text as text2_0_, quiz0_.title as title3_0_ from quiz quiz0_ limit ?
Hibernate: select user0_.id as id1_4_0_, user0_.email as email2_4_0_, user0_.password as password3_4_0_ from user user0_ where user0_.id=?
Hibernate: select user0_.id as id1_4_0_, user0_.email as email2_4_0_, user0_.password as password3_4_0_ from user user0_ where user0_.id=?
Hibernate: select options0_.quiz_id as quiz_id1_2_0_, options0_.options as options2_2_0_ from quiz_options options0_ where options0_.quiz_id=?
Hibernate: select options0_.quiz_id as quiz_id1_2_0_, options0_.options as options2_2_0_ from quiz_options options0_ where options0_.quiz_id=?
?[1;31m
Start test 45?[0m
Hibernate: select user0_.id as id1_4_, user0_.email as email2_4_, user0_.password as password3_4_ from user user0_ where user0_.email=?
Hibernate: select quiz0_.id as id1_0_, quiz0_.author_id as author_i4_0_, quiz0_.text as text2_0_, quiz0_.title as title3_0_ from quiz quiz0_ limit ?
Hibernate: select user0_.id as id1_4_0_, user0_.email as email2_4_0_, user0_.password as password3_4_0_ from user user0_ where user0_.id=?
Hibernate: select user0_.id as id1_4_0_, user0_.email as email2_4_0_, user0_.password as password3_4_0_ from user user0_ where user0_.id=?
Hibernate: select options0_.quiz_id as quiz_id1_2_0_, options0_.options as options2_2_0_ from quiz_options options0_ where options0_.quiz_id=?
Hibernate: select options0_.quiz_id as quiz_id1_2_0_, options0_.options as options2_2_0_ from quiz_options options0_ where options0_.quiz_id=?
?[1;31m
Start test 46?[0m
2022-04-13 15:26:14.532  INFO 21384 --- [       Thread-5] j.LocalContainerEntityManagerFactoryBean : Closing JPA EntityManagerFactory for persistence unit 'default'
2022-04-13 15:26:14.534  INFO 21384 --- [       Thread-5] com.zaxxer.hikari.HikariDataSource       : HikariPool-1 - Shutdown initiated...
2022-04-13 15:26:14.562  INFO 21384 --- [       Thread-5] com.zaxxer.hikari.HikariDataSource       : HikariPool-1 - Shutdown completed.

  .   ____          _            __ _ _
 /\\ / ___'_ __ _ _(_)_ __  __ _ \ \ \ \
( ( )\___ | '_ | '_| | '_ \/ _` | \ \ \ \
 \\/  ___)| |_)| | | | | || (_| |  ) ) ) )
  '  |____| .__|_| |_|_| |_\__, | / / / /
 =========|_|==============|___/=/_/_/_/
 :: Spring Boot ::                (v2.5.6)

2022-04-13 15:26:14.673  INFO 21384 --- [    Test worker] engine.WebQuizEngine                     : Starting WebQuizEngine using Java 17.0.2 on LAPTOP-V2MUJKD3 with PID 21384 (started by josse in C:\Users\josse\Documents\development\java\Web Quiz Engine\Web Quiz Engine\task)
2022-04-13 15:26:14.673  INFO 21384 --- [    Test worker] engine.WebQuizEngine                     : No active profile set, falling back to default profiles: default
2022-04-13 15:26:14.886  INFO 21384 --- [    Test worker] .s.d.r.c.RepositoryConfigurationDelegate : Bootstrapping Spring Data JPA repositories in DEFAULT mode.
2022-04-13 15:26:14.897  INFO 21384 --- [    Test worker] .s.d.r.c.RepositoryConfigurationDelegate : Finished Spring Data repository scanning in 10 ms. Found 3 JPA repository interfaces.
2022-04-13 15:26:14.964  INFO 21384 --- [    Test worker] o.s.b.w.embedded.tomcat.TomcatWebServer  : Tomcat initialized with port(s): 8889 (http)
2022-04-13 15:26:14.964  INFO 21384 --- [    Test worker] o.apache.catalina.core.StandardService   : Starting service [Tomcat]
2022-04-13 15:26:14.964  INFO 21384 --- [    Test worker] org.apache.catalina.core.StandardEngine  : Starting Servlet engine: [Apache Tomcat/9.0.54]
2022-04-13 15:26:14.996  INFO 21384 --- [    Test worker] o.a.c.c.C.[Tomcat].[localhost].[/]       : Initializing Spring embedded WebApplicationContext
2022-04-13 15:26:14.996  INFO 21384 --- [    Test worker] w.s.c.ServletWebServerApplicationContext : Root WebApplicationContext: initialization completed in 321 ms
2022-04-13 15:26:15.022  INFO 21384 --- [    Test worker] com.zaxxer.hikari.HikariDataSource       : HikariPool-2 - Starting...
2022-04-13 15:26:15.037  INFO 21384 --- [    Test worker] com.zaxxer.hikari.HikariDataSource       : HikariPool-2 - Start completed.
2022-04-13 15:26:15.037  INFO 21384 --- [    Test worker] o.s.b.a.h2.H2ConsoleAutoConfiguration    : H2 console available at '/h2-console'. Database available at 'jdbc:h2:file:../quizdb'
2022-04-13 15:26:15.071  INFO 21384 --- [    Test worker] o.hibernate.jpa.internal.util.LogHelper  : HHH000204: Processing PersistenceUnitInfo [name: default]
2022-04-13 15:26:15.077  INFO 21384 --- [    Test worker] org.hibernate.dialect.Dialect            : HHH000400: Using dialect: org.hibernate.dialect.H2Dialect
2022-04-13 15:26:15.165  INFO 21384 --- [    Test worker] o.h.e.t.j.p.i.JtaPlatformInitiator       : HHH000490: Using JtaPlatform implementation: [org.hibernate.engine.transaction.jta.platform.internal.NoJtaPlatform]
2022-04-13 15:26:15.165  INFO 21384 --- [    Test worker] j.LocalContainerEntityManagerFactoryBean : Initialized JPA EntityManagerFactory for persistence unit 'default'
2022-04-13 15:26:15.199  WARN 21384 --- [    Test worker] JpaBaseConfiguration$JpaWebConfiguration : spring.jpa.open-in-view is enabled by default. Therefore, database queries may be performed during view rendering. Explicitly configure spring.jpa.open-in-view to disable this warning
2022-04-13 15:26:15.428  INFO 21384 --- [    Test worker] o.s.b.a.e.web.EndpointLinksResolver      : Exposing 14 endpoint(s) beneath base path '/actuator'
2022-04-13 15:26:15.438  INFO 21384 --- [    Test worker] o.s.s.web.DefaultSecurityFilterChain     : Will secure any request with [org.springframework.security.web.context.request.async.WebAsyncManagerIntegrationFilter@2258228f, org.springframework.security.web.context.SecurityContextPersistenceFilter@3e966e67, org.springframework.security.web.header.HeaderWriterFilter@453fcce2, org.springframework.security.web.authentication.logout.LogoutFilter@2e587292, org.springframework.security.web.authentication.www.BasicAuthenticationFilter@36c763cd, org.springframework.security.web.savedrequest.RequestCacheAwareFilter@45dbbb97, org.springframework.security.web.servletapi.SecurityContextHolderAwareRequestFilter@7e383712, org.springframework.security.web.authentication.AnonymousAuthenticationFilter@42210d27, org.springframework.security.web.session.SessionManagementFilter@7e147828, org.springframework.security.web.access.ExceptionTranslationFilter@7d90d4c6, org.springframework.security.web.access.intercept.FilterSecurityInterceptor@12418d3f]
2022-04-13 15:26:15.527  INFO 21384 --- [    Test worker] o.s.b.w.embedded.tomcat.TomcatWebServer  : Tomcat started on port(s): 8889 (http) with context path ''
2022-04-13 15:26:15.533  INFO 21384 --- [    Test worker] engine.WebQuizEngine                     : Started WebQuizEngine in 0.879 seconds (JVM running for 9.83)
?[1;31m
Start test 47?[0m
2022-04-13 15:26:15.541  INFO 21384 --- [nio-8889-exec-1] o.a.c.c.C.[Tomcat].[localhost].[/]       : Initializing Spring DispatcherServlet 'dispatcherServlet'
2022-04-13 15:26:15.541  INFO 21384 --- [nio-8889-exec-1] o.s.web.servlet.DispatcherServlet        : Initializing Servlet 'dispatcherServlet'
2022-04-13 15:26:15.543  INFO 21384 --- [nio-8889-exec-1] o.s.web.servlet.DispatcherServlet        : Completed initialization in 2 ms
Hibernate: select user0_.id as id1_4_, user0_.email as email2_4_, user0_.password as password3_4_ from user user0_ where user0_.email=?
Hibernate: select quiz0_.id as id1_0_, quiz0_.author_id as author_i4_0_, quiz0_.text as text2_0_, quiz0_.title as title3_0_ from quiz quiz0_ limit ?
Hibernate: select user0_.id as id1_4_0_, user0_.email as email2_4_0_, user0_.password as password3_4_0_ from user user0_ where user0_.id=?
Hibernate: select user0_.id as id1_4_0_, user0_.email as email2_4_0_, user0_.password as password3_4_0_ from user user0_ where user0_.id=?
Hibernate: select options0_.quiz_id as quiz_id1_2_0_, options0_.options as options2_2_0_ from quiz_options options0_ where options0_.quiz_id=?
Hibernate: select options0_.quiz_id as quiz_id1_2_0_, options0_.options as options2_2_0_ from quiz_options options0_ where options0_.quiz_id=?
?[1;31m
Start test 48?[0m
Hibernate: select user0_.id as id1_4_, user0_.email as email2_4_, user0_.password as password3_4_ from user user0_ where user0_.email=?
Hibernate: select quiz0_.id as id1_0_, quiz0_.author_id as author_i4_0_, quiz0_.text as text2_0_, quiz0_.title as title3_0_ from quiz quiz0_ limit ?
Hibernate: select user0_.id as id1_4_0_, user0_.email as email2_4_0_, user0_.password as password3_4_0_ from user user0_ where user0_.id=?
Hibernate: select user0_.id as id1_4_0_, user0_.email as email2_4_0_, user0_.password as password3_4_0_ from user user0_ where user0_.id=?
Hibernate: select options0_.quiz_id as quiz_id1_2_0_, options0_.options as options2_2_0_ from quiz_options options0_ where options0_.quiz_id=?
Hibernate: select options0_.quiz_id as quiz_id1_2_0_, options0_.options as options2_2_0_ from quiz_options options0_ where options0_.quiz_id=?
?[1;31m
Start test 49?[0m
Hibernate: select user0_.id as id1_4_, user0_.email as email2_4_, user0_.password as password3_4_ from user user0_ where user0_.email=?
Hibernate: select quiz0_.id as id1_0_0_, quiz0_.author_id as author_i4_0_0_, quiz0_.text as text2_0_0_, quiz0_.title as title3_0_0_, user1_.id as id1_4_1_, user1_.email as email2_4_1_, user1_.password as password3_4_1_ from quiz quiz0_ left outer join user user1_ on quiz0_.author_id=user1_.id where quiz0_.id=?
Hibernate: select answers0_.quiz_id as quiz_id1_1_0_, answers0_.answers as answers2_1_0_ from quiz_answers answers0_ where answers0_.quiz_id=?
2022-04-13 15:26:15.826  INFO 21384 --- [nio-8889-exec-3] engine.controller.QuizController         : client answer: [2]
2022-04-13 15:26:15.826  INFO 21384 --- [nio-8889-exec-3] engine.controller.QuizController         : quiz answer: [2]
2022-04-13 15:26:15.826  INFO 21384 --- [nio-8889-exec-3] engine.controller.QuizController         : result: true
Hibernate: select user0_.id as id1_4_, user0_.email as email2_4_, user0_.password as password3_4_ from user user0_ where user0_.email=?
Hibernate: call next value for hibernate_sequence
Hibernate: insert into quiz_completed (completed_at, quiz_id, user_id, id) values (?, ?, ?, ?)
Hibernate: select options0_.quiz_id as quiz_id1_2_0_, options0_.options as options2_2_0_ from quiz_options options0_ where options0_.quiz_id=?
2022-04-13 15:26:15.831  INFO 21384 --- [nio-8889-exec-3] engine.controller.QuizController         : User{id=2, email='user@google.com', password='$2a$10$ZY3SVGBGsWgFTLE1JiYTweE2Dyklh9vtWYyj/mGrhTzZ5w3CJcZHy'} has solved: Quiz{id=3, title='The Java Logo', text='What is depicted on the Java logo?', options=[Robot, Tea leaf, Cup of coffee, Bug], answers=[2], author=User{id=1, email='test@google.com', password='$2a$10$Z50PgNNeRwNuK374ZxYDnOHt6Rb2zfo6bfGCXQhA19YdTjEyHAi1q'}}
result: QuizCompleted{id=7, user=2, quiz=3, completedAt=2022-04-13T15:26:15.827567}
?[1;31m
Start test 50?[0m
Hibernate: select user0_.id as id1_4_, user0_.email as email2_4_, user0_.password as password3_4_ from user user0_ where user0_.email=?
Hibernate: select quiz0_.id as id1_0_0_, quiz0_.author_id as author_i4_0_0_, quiz0_.text as text2_0_0_, quiz0_.title as title3_0_0_, user1_.id as id1_4_1_, user1_.email as email2_4_1_, user1_.password as password3_4_1_ from quiz quiz0_ left outer join user user1_ on quiz0_.author_id=user1_.id where quiz0_.id=?
Hibernate: select answers0_.quiz_id as quiz_id1_1_0_, answers0_.answers as answers2_1_0_ from quiz_answers answers0_ where answers0_.quiz_id=?
2022-04-13 15:26:15.903  INFO 21384 --- [nio-8889-exec-4] engine.controller.QuizController         : client answer: [3]
2022-04-13 15:26:15.903  INFO 21384 --- [nio-8889-exec-4] engine.controller.QuizController         : quiz answer: [2]
2022-04-13 15:26:15.903  INFO 21384 --- [nio-8889-exec-4] engine.controller.QuizController         : result: false
?[1;31m
Start test 51?[0m
Hibernate: select user0_.id as id1_4_, user0_.email as email2_4_, user0_.password as password3_4_ from user user0_ where user0_.email=?
Hibernate: select quiz0_.id as id1_0_0_, quiz0_.author_id as author_i4_0_0_, quiz0_.text as text2_0_0_, quiz0_.title as title3_0_0_, user1_.id as id1_4_1_, user1_.email as email2_4_1_, user1_.password as password3_4_1_ from quiz quiz0_ left outer join user user1_ on quiz0_.author_id=user1_.id where quiz0_.id=?
Hibernate: select answers0_.quiz_id as quiz_id1_1_0_, answers0_.answers as answers2_1_0_ from quiz_answers answers0_ where answers0_.quiz_id=?
2022-04-13 15:26:15.970  INFO 21384 --- [nio-8889-exec-5] engine.controller.QuizController         : client answer: [0]
2022-04-13 15:26:15.970  INFO 21384 --- [nio-8889-exec-5] engine.controller.QuizController         : quiz answer: [1]
2022-04-13 15:26:15.970  INFO 21384 --- [nio-8889-exec-5] engine.controller.QuizController         : result: false
?[1;31m
Start test 52?[0m
Hibernate: select user0_.id as id1_4_, user0_.email as email2_4_, user0_.password as password3_4_ from user user0_ where user0_.email=?
Hibernate: select quiz0_.id as id1_0_0_, quiz0_.author_id as author_i4_0_0_, quiz0_.text as text2_0_0_, quiz0_.title as title3_0_0_, user1_.id as id1_4_1_, user1_.email as email2_4_1_, user1_.password as password3_4_1_ from quiz quiz0_ left outer join user user1_ on quiz0_.author_id=user1_.id where quiz0_.id=?
Hibernate: select answers0_.quiz_id as quiz_id1_1_0_, answers0_.answers as answers2_1_0_ from quiz_answers answers0_ where answers0_.quiz_id=?
2022-04-13 15:26:16.035  INFO 21384 --- [nio-8889-exec-6] engine.controller.QuizController         : client answer: [1]
2022-04-13 15:26:16.035  INFO 21384 --- [nio-8889-exec-6] engine.controller.QuizController         : quiz answer: [1]
2022-04-13 15:26:16.035  INFO 21384 --- [nio-8889-exec-6] engine.controller.QuizController         : result: true
Hibernate: select user0_.id as id1_4_, user0_.email as email2_4_, user0_.password as password3_4_ from user user0_ where user0_.email=?
Hibernate: call next value for hibernate_sequence
Hibernate: insert into quiz_completed (completed_at, quiz_id, user_id, id) values (?, ?, ?, ?)
Hibernate: select options0_.quiz_id as quiz_id1_2_0_, options0_.options as options2_2_0_ from quiz_options options0_ where options0_.quiz_id=?
2022-04-13 15:26:16.037  INFO 21384 --- [nio-8889-exec-6] engine.controller.QuizController         : User{id=1, email='test@google.com', password='$2a$10$Z50PgNNeRwNuK374ZxYDnOHt6Rb2zfo6bfGCXQhA19YdTjEyHAi1q'} has solved: Quiz{id=4, title='The Ultimate Question', text='What is the answer to the Ultimate Question of Life, the Universe and Everything?', options=[Everything goes right, 42, 2+2=4, 11011100], answers=[1], author=User{id=2, email='user@google.com', password='$2a$10$ZY3SVGBGsWgFTLE1JiYTweE2Dyklh9vtWYyj/mGrhTzZ5w3CJcZHy'}}
result: QuizCompleted{id=8, user=1, quiz=4, completedAt=2022-04-13T15:26:16.035567}
?[1;31m
Start test 53?[0m
Hibernate: select user0_.id as id1_4_, user0_.email as email2_4_, user0_.password as password3_4_ from user user0_ where user0_.email=?
Hibernate: select user0_.id as id1_4_, user0_.email as email2_4_, user0_.password as password3_4_ from user user0_ where user0_.email=?
2022-04-13 15:26:16.104  INFO 21384 --- [nio-8889-exec-7] engine.controller.QuizController         : User soliciting its completed quizzes: 1
Hibernate: select quizcomple0_.id as id1_3_, quizcomple0_.completed_at as complete2_3_, quizcomple0_.quiz_id as quiz_id3_3_, quizcomple0_.user_id as user_id4_3_ from quiz_completed quizcomple0_ where quizcomple0_.user_id=? order by quizcomple0_.completed_at desc limit ?
Hibernate: select quiz0_.id as id1_0_0_, quiz0_.author_id as author_i4_0_0_, quiz0_.text as text2_0_0_, quiz0_.title as title3_0_0_, user1_.id as id1_4_1_, user1_.email as email2_4_1_, user1_.password as password3_4_1_ from quiz quiz0_ left outer join user user1_ on quiz0_.author_id=user1_.id where quiz0_.id=?
Hibernate: select quiz0_.id as id1_0_0_, quiz0_.author_id as author_i4_0_0_, quiz0_.text as text2_0_0_, quiz0_.title as title3_0_0_, user1_.id as id1_4_1_, user1_.email as email2_4_1_, user1_.password as password3_4_1_ from quiz quiz0_ left outer join user user1_ on quiz0_.author_id=user1_.id where quiz0_.id=?
QuizCompleted{id=8, user=1, quiz=4, completedAt=2022-04-13T15:26:16.035567}
QuizCompleted{id=5, user=1, quiz=3, completedAt=2022-04-13T15:26:13.374768}
?[1;31m
Start test 54?[0m
Hibernate: select user0_.id as id1_4_, user0_.email as email2_4_, user0_.password as password3_4_ from user user0_ where user0_.email=?
Hibernate: select user0_.id as id1_4_, user0_.email as email2_4_, user0_.password as password3_4_ from user user0_ where user0_.email=?
2022-04-13 15:26:16.171  INFO 21384 --- [nio-8889-exec-8] engine.controller.QuizController         : User soliciting its completed quizzes: 1
Hibernate: select quizcomple0_.id as id1_3_, quizcomple0_.completed_at as complete2_3_, quizcomple0_.quiz_id as quiz_id3_3_, quizcomple0_.user_id as user_id4_3_ from quiz_completed quizcomple0_ where quizcomple0_.user_id=? order by quizcomple0_.completed_at desc limit ?
Hibernate: select quiz0_.id as id1_0_0_, quiz0_.author_id as author_i4_0_0_, quiz0_.text as text2_0_0_, quiz0_.title as title3_0_0_, user1_.id as id1_4_1_, user1_.email as email2_4_1_, user1_.password as password3_4_1_ from quiz quiz0_ left outer join user user1_ on quiz0_.author_id=user1_.id where quiz0_.id=?
Hibernate: select quiz0_.id as id1_0_0_, quiz0_.author_id as author_i4_0_0_, quiz0_.text as text2_0_0_, quiz0_.title as title3_0_0_, user1_.id as id1_4_1_, user1_.email as email2_4_1_, user1_.password as password3_4_1_ from quiz quiz0_ left outer join user user1_ on quiz0_.author_id=user1_.id where quiz0_.id=?
QuizCompleted{id=8, user=1, quiz=4, completedAt=2022-04-13T15:26:16.035567}
QuizCompleted{id=5, user=1, quiz=3, completedAt=2022-04-13T15:26:13.374768}
?[1;31m
Start test 55?[0m
Hibernate: select user0_.id as id1_4_, user0_.email as email2_4_, user0_.password as password3_4_ from user user0_ where user0_.email=?
Hibernate: select user0_.id as id1_4_, user0_.email as email2_4_, user0_.password as password3_4_ from user user0_ where user0_.email=?
2022-04-13 15:26:16.236  INFO 21384 --- [nio-8889-exec-9] engine.controller.QuizController         : User soliciting its completed quizzes: 2
Hibernate: select quizcomple0_.id as id1_3_, quizcomple0_.completed_at as complete2_3_, quizcomple0_.quiz_id as quiz_id3_3_, quizcomple0_.user_id as user_id4_3_ from quiz_completed quizcomple0_ where quizcomple0_.user_id=? order by quizcomple0_.completed_at desc limit ?
Hibernate: select quiz0_.id as id1_0_0_, quiz0_.author_id as author_i4_0_0_, quiz0_.text as text2_0_0_, quiz0_.title as title3_0_0_, user1_.id as id1_4_1_, user1_.email as email2_4_1_, user1_.password as password3_4_1_ from quiz quiz0_ left outer join user user1_ on quiz0_.author_id=user1_.id where quiz0_.id=?
Hibernate: select quiz0_.id as id1_0_0_, quiz0_.author_id as author_i4_0_0_, quiz0_.text as text2_0_0_, quiz0_.title as title3_0_0_, user1_.id as id1_4_1_, user1_.email as email2_4_1_, user1_.password as password3_4_1_ from quiz quiz0_ left outer join user user1_ on quiz0_.author_id=user1_.id where quiz0_.id=?
QuizCompleted{id=7, user=2, quiz=3, completedAt=2022-04-13T15:26:15.827567}
QuizCompleted{id=6, user=2, quiz=4, completedAt=2022-04-13T15:26:13.579087}
?[1;31m
Start test 56?[0m
Hibernate: select user0_.id as id1_4_, user0_.email as email2_4_, user0_.password as password3_4_ from user user0_ where user0_.email=?
Hibernate: select user0_.id as id1_4_, user0_.email as email2_4_, user0_.password as password3_4_ from user user0_ where user0_.email=?
2022-04-13 15:26:16.303  INFO 21384 --- [io-8889-exec-10] engine.controller.QuizController         : User soliciting its completed quizzes: 2
Hibernate: select quizcomple0_.id as id1_3_, quizcomple0_.completed_at as complete2_3_, quizcomple0_.quiz_id as quiz_id3_3_, quizcomple0_.user_id as user_id4_3_ from quiz_completed quizcomple0_ where quizcomple0_.user_id=? order by quizcomple0_.completed_at desc limit ?
Hibernate: select quiz0_.id as id1_0_0_, quiz0_.author_id as author_i4_0_0_, quiz0_.text as text2_0_0_, quiz0_.title as title3_0_0_, user1_.id as id1_4_1_, user1_.email as email2_4_1_, user1_.password as password3_4_1_ from quiz quiz0_ left outer join user user1_ on quiz0_.author_id=user1_.id where quiz0_.id=?
Hibernate: select quiz0_.id as id1_0_0_, quiz0_.author_id as author_i4_0_0_, quiz0_.text as text2_0_0_, quiz0_.title as title3_0_0_, user1_.id as id1_4_1_, user1_.email as email2_4_1_, user1_.password as password3_4_1_ from quiz quiz0_ left outer join user user1_ on quiz0_.author_id=user1_.id where quiz0_.id=?
QuizCompleted{id=7, user=2, quiz=3, completedAt=2022-04-13T15:26:15.827567}
QuizCompleted{id=6, user=2, quiz=4, completedAt=2022-04-13T15:26:13.579087}
?[1;31m
Start test 57?[0m
Hibernate: select user0_.id as id1_4_, user0_.email as email2_4_, user0_.password as password3_4_ from user user0_ where user0_.email=?
2022-04-13 15:26:16.371  WARN 21384 --- [nio-8889-exec-1] .w.s.m.s.DefaultHandlerExceptionResolver : Resolved [org.springframework.http.converter.HttpMessageNotReadableException: JSON parse error: Unexpected character ('"' (code 34)): was expecting comma to separate Object entries; nested exception is com.fasterxml.jackson.core.JsonParseException: Unexpected character ('"' (code 34)): was expecting comma to separate Object entries<LF> at [Source: (PushbackInputStream); line: 4, column: 4]]
?[1;31m
Start test 58?[0m
Hibernate: select user0_.id as id1_4_, user0_.email as email2_4_, user0_.password as password3_4_ from user user0_ where user0_.email=?
2022-04-13 15:26:16.436  WARN 21384 --- [nio-8889-exec-2] .w.s.m.s.DefaultHandlerExceptionResolver : Resolved [org.springframework.http.converter.HttpMessageNotReadableException: JSON parse error: Unexpected character ('"' (code 34)): was expecting comma to separate Object entries; nested exception is com.fasterxml.jackson.core.JsonParseException: Unexpected character ('"' (code 34)): was expecting comma to separate Object entries<LF> at [Source: (PushbackInputStream); line: 5, column: 4]]
?[1;31m
Start test 59?[0m
Hibernate: select user0_.id as id1_4_, user0_.email as email2_4_, user0_.password as password3_4_ from user user0_ where user0_.email=?
2022-04-13 15:26:16.500  WARN 21384 --- [nio-8889-exec-3] .w.s.m.s.DefaultHandlerExceptionResolver : Resolved [org.springframework.http.converter.HttpMessageNotReadableException: JSON parse error: Unexpected character ('"' (code 34)): was expecting comma to separate Object entries; nested exception is com.fasterxml.jackson.core.JsonParseException: Unexpected character ('"' (code 34)): was expecting comma to separate Object entries<LF> at [Source: (PushbackInputStream); line: 4, column: 4]]
?[1;31m
Start test 60?[0m
Hibernate: select user0_.id as id1_4_, user0_.email as email2_4_, user0_.password as password3_4_ from user user0_ where user0_.email=?
2022-04-13 15:26:16.564  WARN 21384 --- [nio-8889-exec-4] .w.s.m.s.DefaultHandlerExceptionResolver : Resolved [org.springframework.http.converter.HttpMessageNotReadableException: JSON parse error: Unexpected character ('"' (code 34)): was expecting comma to separate Object entries; nested exception is com.fasterxml.jackson.core.JsonParseException: Unexpected character ('"' (code 34)): was expecting comma to separate Object entries<LF> at [Source: (PushbackInputStream); line: 5, column: 4]]
?[1;31m
Start test 61?[0m
Hibernate: select user0_.id as id1_4_, user0_.email as email2_4_, user0_.password as password3_4_ from user user0_ where user0_.email=?
Hibernate: select user0_.id as id1_4_, user0_.email as email2_4_, user0_.password as password3_4_ from user user0_ where user0_.email=?
?[1;31m
Start test 62?[0m
Hibernate: select user0_.id as id1_4_, user0_.email as email2_4_, user0_.password as password3_4_ from user user0_ where user0_.email=?
2022-04-13 15:26:16.691  WARN 21384 --- [nio-8889-exec-6] .w.s.m.s.DefaultHandlerExceptionResolver : Resolved [org.springframework.http.converter.HttpMessageNotReadableException: JSON parse error: Unexpected character ('"' (code 34)): was expecting comma to separate Object entries; nested exception is com.fasterxml.jackson.core.JsonParseException: Unexpected character ('"' (code 34)): was expecting comma to separate Object entries<LF> at [Source: (PushbackInputStream); line: 5, column: 4]]
?[1;31m
Start test 63?[0m
Hibernate: select user0_.id as id1_4_, user0_.email as email2_4_, user0_.password as password3_4_ from user user0_ where user0_.email=?
2022-04-13 15:26:16.757  WARN 21384 --- [nio-8889-exec-7] .w.s.m.s.DefaultHandlerExceptionResolver : Resolved [org.springframework.http.converter.HttpMessageNotReadableException: JSON parse error: Unexpected character ('"' (code 34)): was expecting comma to separate Object entries; nested exception is com.fasterxml.jackson.core.JsonParseException: Unexpected character ('"' (code 34)): was expecting comma to separate Object entries<LF> at [Source: (PushbackInputStream); line: 5, column: 4]]
?[1;31m
Start test 64?[0m
Hibernate: select user0_.id as id1_4_, user0_.email as email2_4_, user0_.password as password3_4_ from user user0_ where user0_.email=?
Hibernate: select user0_.id as id1_4_, user0_.email as email2_4_, user0_.password as password3_4_ from user user0_ where user0_.email=?
2022-04-13 15:26:16.822  INFO 21384 --- [nio-8889-exec-8] engine.controller.QuizController         : User{id=1, email='test@google.com', password='$2a$10$Z50PgNNeRwNuK374ZxYDnOHt6Rb2zfo6bfGCXQhA19YdTjEyHAi1q'} has created: Quiz{id=0, title='Math1', text='Which of the following is equal to 4?', options=[1+3, 2+2, 8-1, 1+5], answers=[0, 1], author=User{id=1, email='test@google.com', password='$2a$10$Z50PgNNeRwNuK374ZxYDnOHt6Rb2zfo6bfGCXQhA19YdTjEyHAi1q'}}
Hibernate: call next value for hibernate_sequence
Hibernate: insert into quiz (author_id, text, title, id) values (?, ?, ?, ?)
Hibernate: insert into quiz_answers (quiz_id, answers) values (?, ?)
Hibernate: insert into quiz_answers (quiz_id, answers) values (?, ?)
Hibernate: insert into quiz_options (quiz_id, options) values (?, ?)
Hibernate: insert into quiz_options (quiz_id, options) values (?, ?)
Hibernate: insert into quiz_options (quiz_id, options) values (?, ?)
Hibernate: insert into quiz_options (quiz_id, options) values (?, ?)
?[1;31m
Start test 65?[0m
Hibernate: select user0_.id as id1_4_, user0_.email as email2_4_, user0_.password as password3_4_ from user user0_ where user0_.email=?
Hibernate: select quiz0_.id as id1_0_0_, quiz0_.author_id as author_i4_0_0_, quiz0_.text as text2_0_0_, quiz0_.title as title3_0_0_, user1_.id as id1_4_1_, user1_.email as email2_4_1_, user1_.password as password3_4_1_ from quiz quiz0_ left outer join user user1_ on quiz0_.author_id=user1_.id where quiz0_.id=?
Hibernate: select options0_.quiz_id as quiz_id1_2_0_, options0_.options as options2_2_0_ from quiz_options options0_ where options0_.quiz_id=?
?[1;31m
Start test 66?[0m
Hibernate: select user0_.id as id1_4_, user0_.email as email2_4_, user0_.password as password3_4_ from user user0_ where user0_.email=?
Hibernate: select quiz0_.id as id1_0_0_, quiz0_.author_id as author_i4_0_0_, quiz0_.text as text2_0_0_, quiz0_.title as title3_0_0_, user1_.id as id1_4_1_, user1_.email as email2_4_1_, user1_.password as password3_4_1_ from quiz quiz0_ left outer join user user1_ on quiz0_.author_id=user1_.id where quiz0_.id=?
?[1;31m
Start test 67?[0m
Hibernate: select user0_.id as id1_4_, user0_.email as email2_4_, user0_.password as password3_4_ from user user0_ where user0_.email=?
Hibernate: select quiz0_.id as id1_0_0_, quiz0_.author_id as author_i4_0_0_, quiz0_.text as text2_0_0_, quiz0_.title as title3_0_0_, user1_.id as id1_4_1_, user1_.email as email2_4_1_, user1_.password as password3_4_1_ from quiz quiz0_ left outer join user user1_ on quiz0_.author_id=user1_.id where quiz0_.id=?
Hibernate: select answers0_.quiz_id as quiz_id1_1_0_, answers0_.answers as answers2_1_0_ from quiz_answers answers0_ where answers0_.quiz_id=?
2022-04-13 15:26:17.029  INFO 21384 --- [nio-8889-exec-1] engine.controller.QuizController         : client answer: []
2022-04-13 15:26:17.029  INFO 21384 --- [nio-8889-exec-1] engine.controller.QuizController         : quiz answer: [0, 1]
2022-04-13 15:26:17.029  INFO 21384 --- [nio-8889-exec-1] engine.controller.QuizController         : result: false
?[1;31m
Start test 68?[0m
Hibernate: select user0_.id as id1_4_, user0_.email as email2_4_, user0_.password as password3_4_ from user user0_ where user0_.email=?
Hibernate: select quiz0_.id as id1_0_0_, quiz0_.author_id as author_i4_0_0_, quiz0_.text as text2_0_0_, quiz0_.title as title3_0_0_, user1_.id as id1_4_1_, user1_.email as email2_4_1_, user1_.password as password3_4_1_ from quiz quiz0_ left outer join user user1_ on quiz0_.author_id=user1_.id where quiz0_.id=?
Hibernate: select answers0_.quiz_id as quiz_id1_1_0_, answers0_.answers as answers2_1_0_ from quiz_answers answers0_ where answers0_.quiz_id=?
2022-04-13 15:26:17.095  INFO 21384 --- [nio-8889-exec-5] engine.controller.QuizController         : client answer: [0]
2022-04-13 15:26:17.095  INFO 21384 --- [nio-8889-exec-5] engine.controller.QuizController         : quiz answer: [0, 1]
2022-04-13 15:26:17.095  INFO 21384 --- [nio-8889-exec-5] engine.controller.QuizController         : result: false
?[1;31m
Start test 69?[0m
Hibernate: select user0_.id as id1_4_, user0_.email as email2_4_, user0_.password as password3_4_ from user user0_ where user0_.email=?
Hibernate: select quiz0_.id as id1_0_0_, quiz0_.author_id as author_i4_0_0_, quiz0_.text as text2_0_0_, quiz0_.title as title3_0_0_, user1_.id as id1_4_1_, user1_.email as email2_4_1_, user1_.password as password3_4_1_ from quiz quiz0_ left outer join user user1_ on quiz0_.author_id=user1_.id where quiz0_.id=?
Hibernate: select answers0_.quiz_id as quiz_id1_1_0_, answers0_.answers as answers2_1_0_ from quiz_answers answers0_ where answers0_.quiz_id=?
2022-04-13 15:26:17.158  INFO 21384 --- [nio-8889-exec-8] engine.controller.QuizController         : client answer: [1]
2022-04-13 15:26:17.158  INFO 21384 --- [nio-8889-exec-8] engine.controller.QuizController         : quiz answer: [0, 1]
2022-04-13 15:26:17.158  INFO 21384 --- [nio-8889-exec-8] engine.controller.QuizController         : result: false
?[1;31m
Start test 70?[0m
Hibernate: select user0_.id as id1_4_, user0_.email as email2_4_, user0_.password as password3_4_ from user user0_ where user0_.email=?
Hibernate: select quiz0_.id as id1_0_0_, quiz0_.author_id as author_i4_0_0_, quiz0_.text as text2_0_0_, quiz0_.title as title3_0_0_, user1_.id as id1_4_1_, user1_.email as email2_4_1_, user1_.password as password3_4_1_ from quiz quiz0_ left outer join user user1_ on quiz0_.author_id=user1_.id where quiz0_.id=?
Hibernate: select answers0_.quiz_id as quiz_id1_1_0_, answers0_.answers as answers2_1_0_ from quiz_answers answers0_ where answers0_.quiz_id=?
2022-04-13 15:26:17.223  INFO 21384 --- [nio-8889-exec-7] engine.controller.QuizController         : client answer: [2]
2022-04-13 15:26:17.223  INFO 21384 --- [nio-8889-exec-7] engine.controller.QuizController         : quiz answer: [0, 1]
2022-04-13 15:26:17.223  INFO 21384 --- [nio-8889-exec-7] engine.controller.QuizController         : result: false
?[1;31m
Start test 71?[0m
Hibernate: select user0_.id as id1_4_, user0_.email as email2_4_, user0_.password as password3_4_ from user user0_ where user0_.email=?
Hibernate: select quiz0_.id as id1_0_0_, quiz0_.author_id as author_i4_0_0_, quiz0_.text as text2_0_0_, quiz0_.title as title3_0_0_, user1_.id as id1_4_1_, user1_.email as email2_4_1_, user1_.password as password3_4_1_ from quiz quiz0_ left outer join user user1_ on quiz0_.author_id=user1_.id where quiz0_.id=?
Hibernate: select answers0_.quiz_id as quiz_id1_1_0_, answers0_.answers as answers2_1_0_ from quiz_answers answers0_ where answers0_.quiz_id=?
2022-04-13 15:26:17.288  INFO 21384 --- [io-8889-exec-10] engine.controller.QuizController         : client answer: [3]
2022-04-13 15:26:17.288  INFO 21384 --- [io-8889-exec-10] engine.controller.QuizController         : quiz answer: [0, 1]
2022-04-13 15:26:17.288  INFO 21384 --- [io-8889-exec-10] engine.controller.QuizController         : result: false
?[1;31m
Start test 72?[0m
Hibernate: select user0_.id as id1_4_, user0_.email as email2_4_, user0_.password as password3_4_ from user user0_ where user0_.email=?
Hibernate: select quiz0_.id as id1_0_0_, quiz0_.author_id as author_i4_0_0_, quiz0_.text as text2_0_0_, quiz0_.title as title3_0_0_, user1_.id as id1_4_1_, user1_.email as email2_4_1_, user1_.password as password3_4_1_ from quiz quiz0_ left outer join user user1_ on quiz0_.author_id=user1_.id where quiz0_.id=?
Hibernate: select answers0_.quiz_id as quiz_id1_1_0_, answers0_.answers as answers2_1_0_ from quiz_answers answers0_ where answers0_.quiz_id=?
2022-04-13 15:26:17.352  INFO 21384 --- [nio-8889-exec-3] engine.controller.QuizController         : client answer: [0, 1]
2022-04-13 15:26:17.353  INFO 21384 --- [nio-8889-exec-3] engine.controller.QuizController         : quiz answer: [0, 1]
2022-04-13 15:26:17.353  INFO 21384 --- [nio-8889-exec-3] engine.controller.QuizController         : result: true
Hibernate: select user0_.id as id1_4_, user0_.email as email2_4_, user0_.password as password3_4_ from user user0_ where user0_.email=?
Hibernate: call next value for hibernate_sequence
Hibernate: insert into quiz_completed (completed_at, quiz_id, user_id, id) values (?, ?, ?, ?)
Hibernate: select options0_.quiz_id as quiz_id1_2_0_, options0_.options as options2_2_0_ from quiz_options options0_ where options0_.quiz_id=?
2022-04-13 15:26:17.355  INFO 21384 --- [nio-8889-exec-3] engine.controller.QuizController         : User{id=2, email='user@google.com', password='$2a$10$ZY3SVGBGsWgFTLE1JiYTweE2Dyklh9vtWYyj/mGrhTzZ5w3CJcZHy'} has solved: Quiz{id=9, title='Math1', text='Which of the following is equal to 4?', options=[1+3, 2+2, 8-1, 1+5], answers=[0, 1], author=User{id=1, email='test@google.com', password='$2a$10$Z50PgNNeRwNuK374ZxYDnOHt6Rb2zfo6bfGCXQhA19YdTjEyHAi1q'}}
result: QuizCompleted{id=10, user=2, quiz=9, completedAt=2022-04-13T15:26:17.353017600}
?[1;31m
Start test 73?[0m
Hibernate: select user0_.id as id1_4_, user0_.email as email2_4_, user0_.password as password3_4_ from user user0_ where user0_.email=?
Hibernate: select quiz0_.id as id1_0_0_, quiz0_.author_id as author_i4_0_0_, quiz0_.text as text2_0_0_, quiz0_.title as title3_0_0_, user1_.id as id1_4_1_, user1_.email as email2_4_1_, user1_.password as password3_4_1_ from quiz quiz0_ left outer join user user1_ on quiz0_.author_id=user1_.id where quiz0_.id=?
Hibernate: select answers0_.quiz_id as quiz_id1_1_0_, answers0_.answers as answers2_1_0_ from quiz_answers answers0_ where answers0_.quiz_id=?
2022-04-13 15:26:17.418  INFO 21384 --- [nio-8889-exec-6] engine.controller.QuizController         : client answer: [0, 2]
2022-04-13 15:26:17.418  INFO 21384 --- [nio-8889-exec-6] engine.controller.QuizController         : quiz answer: [0, 1]
2022-04-13 15:26:17.418  INFO 21384 --- [nio-8889-exec-6] engine.controller.QuizController         : result: false
?[1;31m
Start test 74?[0m
Hibernate: select user0_.id as id1_4_, user0_.email as email2_4_, user0_.password as password3_4_ from user user0_ where user0_.email=?
Hibernate: select quiz0_.id as id1_0_0_, quiz0_.author_id as author_i4_0_0_, quiz0_.text as text2_0_0_, quiz0_.title as title3_0_0_, user1_.id as id1_4_1_, user1_.email as email2_4_1_, user1_.password as password3_4_1_ from quiz quiz0_ left outer join user user1_ on quiz0_.author_id=user1_.id where quiz0_.id=?
Hibernate: select answers0_.quiz_id as quiz_id1_1_0_, answers0_.answers as answers2_1_0_ from quiz_answers answers0_ where answers0_.quiz_id=?
2022-04-13 15:26:17.482  INFO 21384 --- [nio-8889-exec-4] engine.controller.QuizController         : client answer: [0, 3]
2022-04-13 15:26:17.482  INFO 21384 --- [nio-8889-exec-4] engine.controller.QuizController         : quiz answer: [0, 1]
2022-04-13 15:26:17.482  INFO 21384 --- [nio-8889-exec-4] engine.controller.QuizController         : result: false
?[1;31m
Start test 75?[0m
Hibernate: select user0_.id as id1_4_, user0_.email as email2_4_, user0_.password as password3_4_ from user user0_ where user0_.email=?
Hibernate: select quiz0_.id as id1_0_0_, quiz0_.author_id as author_i4_0_0_, quiz0_.text as text2_0_0_, quiz0_.title as title3_0_0_, user1_.id as id1_4_1_, user1_.email as email2_4_1_, user1_.password as password3_4_1_ from quiz quiz0_ left outer join user user1_ on quiz0_.author_id=user1_.id where quiz0_.id=?
Hibernate: select answers0_.quiz_id as quiz_id1_1_0_, answers0_.answers as answers2_1_0_ from quiz_answers answers0_ where answers0_.quiz_id=?
2022-04-13 15:26:17.547  INFO 21384 --- [nio-8889-exec-9] engine.controller.QuizController         : client answer: [1, 2]
2022-04-13 15:26:17.547  INFO 21384 --- [nio-8889-exec-9] engine.controller.QuizController         : quiz answer: [0, 1]
2022-04-13 15:26:17.547  INFO 21384 --- [nio-8889-exec-9] engine.controller.QuizController         : result: false
?[1;31m
Start test 76?[0m
Hibernate: select user0_.id as id1_4_, user0_.email as email2_4_, user0_.password as password3_4_ from user user0_ where user0_.email=?
Hibernate: select quiz0_.id as id1_0_0_, quiz0_.author_id as author_i4_0_0_, quiz0_.text as text2_0_0_, quiz0_.title as title3_0_0_, user1_.id as id1_4_1_, user1_.email as email2_4_1_, user1_.password as password3_4_1_ from quiz quiz0_ left outer join user user1_ on quiz0_.author_id=user1_.id where quiz0_.id=?
Hibernate: select answers0_.quiz_id as quiz_id1_1_0_, answers0_.answers as answers2_1_0_ from quiz_answers answers0_ where answers0_.quiz_id=?
2022-04-13 15:26:17.612  INFO 21384 --- [nio-8889-exec-2] engine.controller.QuizController         : client answer: [1, 3]
2022-04-13 15:26:17.612  INFO 21384 --- [nio-8889-exec-2] engine.controller.QuizController         : quiz answer: [0, 1]
2022-04-13 15:26:17.612  INFO 21384 --- [nio-8889-exec-2] engine.controller.QuizController         : result: false
?[1;31m
Start test 77?[0m
Hibernate: select user0_.id as id1_4_, user0_.email as email2_4_, user0_.password as password3_4_ from user user0_ where user0_.email=?
Hibernate: select quiz0_.id as id1_0_0_, quiz0_.author_id as author_i4_0_0_, quiz0_.text as text2_0_0_, quiz0_.title as title3_0_0_, user1_.id as id1_4_1_, user1_.email as email2_4_1_, user1_.password as password3_4_1_ from quiz quiz0_ left outer join user user1_ on quiz0_.author_id=user1_.id where quiz0_.id=?
Hibernate: select answers0_.quiz_id as quiz_id1_1_0_, answers0_.answers as answers2_1_0_ from quiz_answers answers0_ where answers0_.quiz_id=?
2022-04-13 15:26:17.676  INFO 21384 --- [nio-8889-exec-1] engine.controller.QuizController         : client answer: [2, 3]
2022-04-13 15:26:17.676  INFO 21384 --- [nio-8889-exec-1] engine.controller.QuizController         : quiz answer: [0, 1]
2022-04-13 15:26:17.676  INFO 21384 --- [nio-8889-exec-1] engine.controller.QuizController         : result: false
?[1;31m
Start test 78?[0m
Hibernate: select user0_.id as id1_4_, user0_.email as email2_4_, user0_.password as password3_4_ from user user0_ where user0_.email=?
Hibernate: select quiz0_.id as id1_0_0_, quiz0_.author_id as author_i4_0_0_, quiz0_.text as text2_0_0_, quiz0_.title as title3_0_0_, user1_.id as id1_4_1_, user1_.email as email2_4_1_, user1_.password as password3_4_1_ from quiz quiz0_ left outer join user user1_ on quiz0_.author_id=user1_.id where quiz0_.id=?
Hibernate: select answers0_.quiz_id as quiz_id1_1_0_, answers0_.answers as answers2_1_0_ from quiz_answers answers0_ where answers0_.quiz_id=?
2022-04-13 15:26:17.741  INFO 21384 --- [nio-8889-exec-5] engine.controller.QuizController         : client answer: [0, 1, 2]
2022-04-13 15:26:17.741  INFO 21384 --- [nio-8889-exec-5] engine.controller.QuizController         : quiz answer: [0, 1]
2022-04-13 15:26:17.741  INFO 21384 --- [nio-8889-exec-5] engine.controller.QuizController         : result: false
?[1;31m
Start test 79?[0m
Hibernate: select user0_.id as id1_4_, user0_.email as email2_4_, user0_.password as password3_4_ from user user0_ where user0_.email=?
Hibernate: select quiz0_.id as id1_0_0_, quiz0_.author_id as author_i4_0_0_, quiz0_.text as text2_0_0_, quiz0_.title as title3_0_0_, user1_.id as id1_4_1_, user1_.email as email2_4_1_, user1_.password as password3_4_1_ from quiz quiz0_ left outer join user user1_ on quiz0_.author_id=user1_.id where quiz0_.id=?
Hibernate: select answers0_.quiz_id as quiz_id1_1_0_, answers0_.answers as answers2_1_0_ from quiz_answers answers0_ where answers0_.quiz_id=?
2022-04-13 15:26:17.807  INFO 21384 --- [nio-8889-exec-8] engine.controller.QuizController         : client answer: [0, 1, 3]
2022-04-13 15:26:17.807  INFO 21384 --- [nio-8889-exec-8] engine.controller.QuizController         : quiz answer: [0, 1]
2022-04-13 15:26:17.807  INFO 21384 --- [nio-8889-exec-8] engine.controller.QuizController         : result: false
?[1;31m
Start test 80?[0m
Hibernate: select user0_.id as id1_4_, user0_.email as email2_4_, user0_.password as password3_4_ from user user0_ where user0_.email=?
Hibernate: select quiz0_.id as id1_0_0_, quiz0_.author_id as author_i4_0_0_, quiz0_.text as text2_0_0_, quiz0_.title as title3_0_0_, user1_.id as id1_4_1_, user1_.email as email2_4_1_, user1_.password as password3_4_1_ from quiz quiz0_ left outer join user user1_ on quiz0_.author_id=user1_.id where quiz0_.id=?
Hibernate: select answers0_.quiz_id as quiz_id1_1_0_, answers0_.answers as answers2_1_0_ from quiz_answers answers0_ where answers0_.quiz_id=?
2022-04-13 15:26:17.871  INFO 21384 --- [nio-8889-exec-7] engine.controller.QuizController         : client answer: [1, 2, 3]
2022-04-13 15:26:17.872  INFO 21384 --- [nio-8889-exec-7] engine.controller.QuizController         : quiz answer: [0, 1]
2022-04-13 15:26:17.872  INFO 21384 --- [nio-8889-exec-7] engine.controller.QuizController         : result: false
?[1;31m
Start test 81?[0m
Hibernate: select user0_.id as id1_4_, user0_.email as email2_4_, user0_.password as password3_4_ from user user0_ where user0_.email=?
Hibernate: select quiz0_.id as id1_0_0_, quiz0_.author_id as author_i4_0_0_, quiz0_.text as text2_0_0_, quiz0_.title as title3_0_0_, user1_.id as id1_4_1_, user1_.email as email2_4_1_, user1_.password as password3_4_1_ from quiz quiz0_ left outer join user user1_ on quiz0_.author_id=user1_.id where quiz0_.id=?
Hibernate: select answers0_.quiz_id as quiz_id1_1_0_, answers0_.answers as answers2_1_0_ from quiz_answers answers0_ where answers0_.quiz_id=?
2022-04-13 15:26:17.936  INFO 21384 --- [io-8889-exec-10] engine.controller.QuizController         : client answer: [0, 1, 2, 3]
2022-04-13 15:26:17.936  INFO 21384 --- [io-8889-exec-10] engine.controller.QuizController         : quiz answer: [0, 1]
2022-04-13 15:26:17.936  INFO 21384 --- [io-8889-exec-10] engine.controller.QuizController         : result: false
?[1;31m
Start test 82?[0m
Hibernate: select user0_.id as id1_4_, user0_.email as email2_4_, user0_.password as password3_4_ from user user0_ where user0_.email=?
Hibernate: select user0_.id as id1_4_, user0_.email as email2_4_, user0_.password as password3_4_ from user user0_ where user0_.email=?
2022-04-13 15:26:17.999  INFO 21384 --- [nio-8889-exec-3] engine.controller.QuizController         : User{id=1, email='test@google.com', password='$2a$10$Z50PgNNeRwNuK374ZxYDnOHt6Rb2zfo6bfGCXQhA19YdTjEyHAi1q'} has created: Quiz{id=0, title='Math2', text='Which of the following is equal to 4?', options=[1+1, 2+2, 8-1, 5-1], answers=[1, 3], author=User{id=1, email='test@google.com', password='$2a$10$Z50PgNNeRwNuK374ZxYDnOHt6Rb2zfo6bfGCXQhA19YdTjEyHAi1q'}}
Hibernate: call next value for hibernate_sequence
Hibernate: insert into quiz (author_id, text, title, id) values (?, ?, ?, ?)
Hibernate: insert into quiz_answers (quiz_id, answers) values (?, ?)
Hibernate: insert into quiz_answers (quiz_id, answers) values (?, ?)
Hibernate: insert into quiz_options (quiz_id, options) values (?, ?)
Hibernate: insert into quiz_options (quiz_id, options) values (?, ?)
Hibernate: insert into quiz_options (quiz_id, options) values (?, ?)
Hibernate: insert into quiz_options (quiz_id, options) values (?, ?)
?[1;31m
Start test 83?[0m
Hibernate: select user0_.id as id1_4_, user0_.email as email2_4_, user0_.password as password3_4_ from user user0_ where user0_.email=?
Hibernate: select quiz0_.id as id1_0_0_, quiz0_.author_id as author_i4_0_0_, quiz0_.text as text2_0_0_, quiz0_.title as title3_0_0_, user1_.id as id1_4_1_, user1_.email as email2_4_1_, user1_.password as password3_4_1_ from quiz quiz0_ left outer join user user1_ on quiz0_.author_id=user1_.id where quiz0_.id=?
Hibernate: select options0_.quiz_id as quiz_id1_2_0_, options0_.options as options2_2_0_ from quiz_options options0_ where options0_.quiz_id=?
?[1;31m
Start test 84?[0m
Hibernate: select user0_.id as id1_4_, user0_.email as email2_4_, user0_.password as password3_4_ from user user0_ where user0_.email=?
Hibernate: select quiz0_.id as id1_0_0_, quiz0_.author_id as author_i4_0_0_, quiz0_.text as text2_0_0_, quiz0_.title as title3_0_0_, user1_.id as id1_4_1_, user1_.email as email2_4_1_, user1_.password as password3_4_1_ from quiz quiz0_ left outer join user user1_ on quiz0_.author_id=user1_.id where quiz0_.id=?
?[1;31m
Start test 85?[0m
Hibernate: select user0_.id as id1_4_, user0_.email as email2_4_, user0_.password as password3_4_ from user user0_ where user0_.email=?
Hibernate: select quiz0_.id as id1_0_0_, quiz0_.author_id as author_i4_0_0_, quiz0_.text as text2_0_0_, quiz0_.title as title3_0_0_, user1_.id as id1_4_1_, user1_.email as email2_4_1_, user1_.password as password3_4_1_ from quiz quiz0_ left outer join user user1_ on quiz0_.author_id=user1_.id where quiz0_.id=?
Hibernate: select answers0_.quiz_id as quiz_id1_1_0_, answers0_.answers as answers2_1_0_ from quiz_answers answers0_ where answers0_.quiz_id=?
2022-04-13 15:26:18.195  INFO 21384 --- [nio-8889-exec-9] engine.controller.QuizController         : client answer: []
2022-04-13 15:26:18.195  INFO 21384 --- [nio-8889-exec-9] engine.controller.QuizController         : quiz answer: [1, 3]
2022-04-13 15:26:18.195  INFO 21384 --- [nio-8889-exec-9] engine.controller.QuizController         : result: false
?[1;31m
Start test 86?[0m
Hibernate: select user0_.id as id1_4_, user0_.email as email2_4_, user0_.password as password3_4_ from user user0_ where user0_.email=?
Hibernate: select quiz0_.id as id1_0_0_, quiz0_.author_id as author_i4_0_0_, quiz0_.text as text2_0_0_, quiz0_.title as title3_0_0_, user1_.id as id1_4_1_, user1_.email as email2_4_1_, user1_.password as password3_4_1_ from quiz quiz0_ left outer join user user1_ on quiz0_.author_id=user1_.id where quiz0_.id=?
Hibernate: select answers0_.quiz_id as quiz_id1_1_0_, answers0_.answers as answers2_1_0_ from quiz_answers answers0_ where answers0_.quiz_id=?
2022-04-13 15:26:18.258  INFO 21384 --- [nio-8889-exec-2] engine.controller.QuizController         : client answer: [0]
2022-04-13 15:26:18.258  INFO 21384 --- [nio-8889-exec-2] engine.controller.QuizController         : quiz answer: [1, 3]
2022-04-13 15:26:18.258  INFO 21384 --- [nio-8889-exec-2] engine.controller.QuizController         : result: false
?[1;31m
Start test 87?[0m
Hibernate: select user0_.id as id1_4_, user0_.email as email2_4_, user0_.password as password3_4_ from user user0_ where user0_.email=?
Hibernate: select quiz0_.id as id1_0_0_, quiz0_.author_id as author_i4_0_0_, quiz0_.text as text2_0_0_, quiz0_.title as title3_0_0_, user1_.id as id1_4_1_, user1_.email as email2_4_1_, user1_.password as password3_4_1_ from quiz quiz0_ left outer join user user1_ on quiz0_.author_id=user1_.id where quiz0_.id=?
Hibernate: select answers0_.quiz_id as quiz_id1_1_0_, answers0_.answers as answers2_1_0_ from quiz_answers answers0_ where answers0_.quiz_id=?
2022-04-13 15:26:18.321  INFO 21384 --- [nio-8889-exec-1] engine.controller.QuizController         : client answer: [1]
2022-04-13 15:26:18.321  INFO 21384 --- [nio-8889-exec-1] engine.controller.QuizController         : quiz answer: [1, 3]
[...]
Hibernate: call next value for hibernate_sequence
Hibernate: insert into quiz (author_id, text, title, id) values (?, ?, ?, ?)
Hibernate: insert into quiz_answers (quiz_id, answers) values (?, ?)
Hibernate: insert into quiz_answers (quiz_id, answers) values (?, ?)
Hibernate: insert into quiz_answers (quiz_id, answers) values (?, ?)
Hibernate: insert into quiz_options (quiz_id, options) values (?, ?)
Hibernate: insert into quiz_options (quiz_id, options) values (?, ?)
Hibernate: insert into quiz_options (quiz_id, options) values (?, ?)
Hibernate: insert into quiz_options (quiz_id, options) values (?, ?)
?[1;31m
Start test 222?[0m
Hibernate: select user0_.id as id1_4_, user0_.email as email2_4_, user0_.password as password3_4_ from user user0_ where user0_.email=?
Hibernate: select user0_.id as id1_4_, user0_.email as email2_4_, user0_.password as password3_4_ from user user0_ where user0_.email=?
2022-04-13 15:26:29.570  INFO 21384 --- [nio-8889-exec-7] engine.controller.QuizController         : User{id=2, email='user@google.com', password='$2a$10$ZY3SVGBGsWgFTLE1JiYTweE2Dyklh9vtWYyj/mGrhTzZ5w3CJcZHy'} has created: Quiz{id=0, title='Math5', text='Which of the following is equal to 4?', options=[2^2, 2+2, 2-2, 2*2], answers=[0, 1, 3], author=User{id=2, email='user@google.com', password='$2a$10$ZY3SVGBGsWgFTLE1JiYTweE2Dyklh9vtWYyj/mGrhTzZ5w3CJcZHy'}}
Hibernate: call next value for hibernate_sequence
Hibernate: insert into quiz (author_id, text, title, id) values (?, ?, ?, ?)
Hibernate: insert into quiz_answers (quiz_id, answers) values (?, ?)
Hibernate: insert into quiz_answers (quiz_id, answers) values (?, ?)
Hibernate: insert into quiz_answers (quiz_id, answers) values (?, ?)
Hibernate: insert into quiz_options (quiz_id, options) values (?, ?)
Hibernate: insert into quiz_options (quiz_id, options) values (?, ?)
Hibernate: insert into quiz_options (quiz_id, options) values (?, ?)
Hibernate: insert into quiz_options (quiz_id, options) values (?, ?)
?[1;31m
Start test 223?[0m
Hibernate: select user0_.id as id1_4_, user0_.email as email2_4_, user0_.password as password3_4_ from user user0_ where user0_.email=?
Hibernate: select user0_.id as id1_4_, user0_.email as email2_4_, user0_.password as password3_4_ from user user0_ where user0_.email=?
2022-04-13 15:26:29.635  INFO 21384 --- [nio-8889-exec-8] engine.controller.QuizController         : User{id=1, email='test@google.com', password='$2a$10$Z50PgNNeRwNuK374ZxYDnOHt6Rb2zfo6bfGCXQhA19YdTjEyHAi1q'} has created: Quiz{id=0, title='Math5', text='Which of the following is equal to 4?', options=[2^2, 2+2, 2-2, 2*2], answers=[0, 1, 3], author=User{id=1, email='test@google.com', password='$2a$10$Z50PgNNeRwNuK374ZxYDnOHt6Rb2zfo6bfGCXQhA19YdTjEyHAi1q'}}
Hibernate: call next value for hibernate_sequence
Hibernate: insert into quiz (author_id, text, title, id) values (?, ?, ?, ?)
Hibernate: insert into quiz_answers (quiz_id, answers) values (?, ?)
Hibernate: insert into quiz_answers (quiz_id, answers) values (?, ?)
Hibernate: insert into quiz_answers (quiz_id, answers) values (?, ?)
Hibernate: insert into quiz_options (quiz_id, options) values (?, ?)
Hibernate: insert into quiz_options (quiz_id, options) values (?, ?)
Hibernate: insert into quiz_options (quiz_id, options) values (?, ?)
Hibernate: insert into quiz_options (quiz_id, options) values (?, ?)
?[1;31m
Start test 224?[0m
Hibernate: select user0_.id as id1_4_, user0_.email as email2_4_, user0_.password as password3_4_ from user user0_ where user0_.email=?
Hibernate: select user0_.id as id1_4_, user0_.email as email2_4_, user0_.password as password3_4_ from user user0_ where user0_.email=?
2022-04-13 15:26:29.700  INFO 21384 --- [nio-8889-exec-9] engine.controller.QuizController         : User{id=1, email='test@google.com', password='$2a$10$Z50PgNNeRwNuK374ZxYDnOHt6Rb2zfo6bfGCXQhA19YdTjEyHAi1q'} has created: Quiz{id=0, title='Math5', text='Which of the following is equal to 4?', options=[2^2, 2+2, 2-2, 2*2], answers=[0, 1, 3], author=User{id=1, email='test@google.com', password='$2a$10$Z50PgNNeRwNuK374ZxYDnOHt6Rb2zfo6bfGCXQhA19YdTjEyHAi1q'}}
Hibernate: call next value for hibernate_sequence
Hibernate: insert into quiz (author_id, text, title, id) values (?, ?, ?, ?)
Hibernate: insert into quiz_answers (quiz_id, answers) values (?, ?)
Hibernate: insert into quiz_answers (quiz_id, answers) values (?, ?)
Hibernate: insert into quiz_answers (quiz_id, answers) values (?, ?)
Hibernate: insert into quiz_options (quiz_id, options) values (?, ?)
Hibernate: insert into quiz_options (quiz_id, options) values (?, ?)
Hibernate: insert into quiz_options (quiz_id, options) values (?, ?)
Hibernate: insert into quiz_options (quiz_id, options) values (?, ?)
?[1;31m
Start test 225?[0m
Hibernate: select user0_.id as id1_4_, user0_.email as email2_4_, user0_.password as password3_4_ from user user0_ where user0_.email=?
Hibernate: select user0_.id as id1_4_, user0_.email as email2_4_, user0_.password as password3_4_ from user user0_ where user0_.email=?
2022-04-13 15:26:29.766  INFO 21384 --- [io-8889-exec-10] engine.controller.QuizController         : User{id=1, email='test@google.com', password='$2a$10$Z50PgNNeRwNuK374ZxYDnOHt6Rb2zfo6bfGCXQhA19YdTjEyHAi1q'} has created: Quiz{id=0, title='Math5', text='Which of the following is equal to 4?', options=[2^2, 2+2, 2-2, 2*2], answers=[0, 1, 3], author=User{id=1, email='test@google.com', password='$2a$10$Z50PgNNeRwNuK374ZxYDnOHt6Rb2zfo6bfGCXQhA19YdTjEyHAi1q'}}
Hibernate: call next value for hibernate_sequence
Hibernate: insert into quiz (author_id, text, title, id) values (?, ?, ?, ?)
Hibernate: insert into quiz_answers (quiz_id, answers) values (?, ?)
Hibernate: insert into quiz_answers (quiz_id, answers) values (?, ?)
Hibernate: insert into quiz_answers (quiz_id, answers) values (?, ?)
Hibernate: insert into quiz_options (quiz_id, options) values (?, ?)
Hibernate: insert into quiz_options (quiz_id, options) values (?, ?)
Hibernate: insert into quiz_options (quiz_id, options) values (?, ?)
Hibernate: insert into quiz_options (quiz_id, options) values (?, ?)
?[1;31m
Start test 226?[0m
Hibernate: select user0_.id as id1_4_, user0_.email as email2_4_, user0_.password as password3_4_ from user user0_ where user0_.email=?
Hibernate: select user0_.id as id1_4_, user0_.email as email2_4_, user0_.password as password3_4_ from user user0_ where user0_.email=?
2022-04-13 15:26:29.831  INFO 21384 --- [nio-8889-exec-1] engine.controller.QuizController         : User{id=2, email='user@google.com', password='$2a$10$ZY3SVGBGsWgFTLE1JiYTweE2Dyklh9vtWYyj/mGrhTzZ5w3CJcZHy'} has created: Quiz{id=0, title='Math5', text='Which of the following is equal to 4?', options=[2^2, 2+2, 2-2, 2*2], answers=[0, 1, 3], author=User{id=2, email='user@google.com', password='$2a$10$ZY3SVGBGsWgFTLE1JiYTweE2Dyklh9vtWYyj/mGrhTzZ5w3CJcZHy'}}
Hibernate: call next value for hibernate_sequence
Hibernate: insert into quiz (author_id, text, title, id) values (?, ?, ?, ?)
Hibernate: insert into quiz_answers (quiz_id, answers) values (?, ?)
Hibernate: insert into quiz_answers (quiz_id, answers) values (?, ?)
Hibernate: insert into quiz_answers (quiz_id, answers) values (?, ?)
Hibernate: insert into quiz_options (quiz_id, options) values (?, ?)
Hibernate: insert into quiz_options (quiz_id, options) values (?, ?)
Hibernate: insert into quiz_options (quiz_id, options) values (?, ?)
Hibernate: insert into quiz_options (quiz_id, options) values (?, ?)
?[1;31m
Start test 227?[0m
Hibernate: select user0_.id as id1_4_, user0_.email as email2_4_, user0_.password as password3_4_ from user user0_ where user0_.email=?
Hibernate: select user0_.id as id1_4_, user0_.email as email2_4_, user0_.password as password3_4_ from user user0_ where user0_.email=?
2022-04-13 15:26:29.894  INFO 21384 --- [nio-8889-exec-2] engine.controller.QuizController         : User{id=1, email='test@google.com', password='$2a$10$Z50PgNNeRwNuK374ZxYDnOHt6Rb2zfo6bfGCXQhA19YdTjEyHAi1q'} has created: Quiz{id=0, title='Math5', text='Which of the following is equal to 4?', options=[2^2, 2+2, 2-2, 2*2], answers=[0, 1, 3], author=User{id=1, email='test@google.com', password='$2a$10$Z50PgNNeRwNuK374ZxYDnOHt6Rb2zfo6bfGCXQhA19YdTjEyHAi1q'}}
Hibernate: call next value for hibernate_sequence
Hibernate: insert into quiz (author_id, text, title, id) values (?, ?, ?, ?)
Hibernate: insert into quiz_answers (quiz_id, answers) values (?, ?)
Hibernate: insert into quiz_answers (quiz_id, answers) values (?, ?)
Hibernate: insert into quiz_answers (quiz_id, answers) values (?, ?)
Hibernate: insert into quiz_options (quiz_id, options) values (?, ?)
Hibernate: insert into quiz_options (quiz_id, options) values (?, ?)
Hibernate: insert into quiz_options (quiz_id, options) values (?, ?)
Hibernate: insert into quiz_options (quiz_id, options) values (?, ?)
?[1;31m
Start test 228?[0m
Hibernate: select user0_.id as id1_4_, user0_.email as email2_4_, user0_.password as password3_4_ from user user0_ where user0_.email=?
Hibernate: select user0_.id as id1_4_, user0_.email as email2_4_, user0_.password as password3_4_ from user user0_ where user0_.email=?
2022-04-13 15:26:29.958  INFO 21384 --- [nio-8889-exec-3] engine.controller.QuizController         : User{id=2, email='user@google.com', password='$2a$10$ZY3SVGBGsWgFTLE1JiYTweE2Dyklh9vtWYyj/mGrhTzZ5w3CJcZHy'} has created: Quiz{id=0, title='Math5', text='Which of the following is equal to 4?', options=[2^2, 2+2, 2-2, 2*2], answers=[0, 1, 3], author=User{id=2, email='user@google.com', password='$2a$10$ZY3SVGBGsWgFTLE1JiYTweE2Dyklh9vtWYyj/mGrhTzZ5w3CJcZHy'}}
Hibernate: call next value for hibernate_sequence
Hibernate: insert into quiz (author_id, text, title, id) values (?, ?, ?, ?)
Hibernate: insert into quiz_answers (quiz_id, answers) values (?, ?)
Hibernate: insert into quiz_answers (quiz_id, answers) values (?, ?)
Hibernate: insert into quiz_answers (quiz_id, answers) values (?, ?)
Hibernate: insert into quiz_options (quiz_id, options) values (?, ?)
Hibernate: insert into quiz_options (quiz_id, options) values (?, ?)
Hibernate: insert into quiz_options (quiz_id, options) values (?, ?)
Hibernate: insert into quiz_options (quiz_id, options) values (?, ?)
?[1;31m
Start test 229?[0m
Hibernate: select user0_.id as id1_4_, user0_.email as email2_4_, user0_.password as password3_4_ from user user0_ where user0_.email=?
Hibernate: select user0_.id as id1_4_, user0_.email as email2_4_, user0_.password as password3_4_ from user user0_ where user0_.email=?
2022-04-13 15:26:30.024  INFO 21384 --- [nio-8889-exec-4] engine.controller.QuizController         : User{id=1, email='test@google.com', password='$2a$10$Z50PgNNeRwNuK374ZxYDnOHt6Rb2zfo6bfGCXQhA19YdTjEyHAi1q'} has created: Quiz{id=0, title='Math5', text='Which of the following is equal to 4?', options=[2^2, 2+2, 2-2, 2*2], answers=[0, 1, 3], author=User{id=1, email='test@google.com', password='$2a$10$Z50PgNNeRwNuK374ZxYDnOHt6Rb2zfo6bfGCXQhA19YdTjEyHAi1q'}}
Hibernate: call next value for hibernate_sequence
Hibernate: insert into quiz (author_id, text, title, id) values (?, ?, ?, ?)
Hibernate: insert into quiz_answers (quiz_id, answers) values (?, ?)
Hibernate: insert into quiz_answers (quiz_id, answers) values (?, ?)
Hibernate: insert into quiz_answers (quiz_id, answers) values (?, ?)
Hibernate: insert into quiz_options (quiz_id, options) values (?, ?)
Hibernate: insert into quiz_options (quiz_id, options) values (?, ?)
Hibernate: insert into quiz_options (quiz_id, options) values (?, ?)
Hibernate: insert into quiz_options (quiz_id, options) values (?, ?)
?[1;31m
Start test 230?[0m
Hibernate: select user0_.id as id1_4_, user0_.email as email2_4_, user0_.password as password3_4_ from user user0_ where user0_.email=?
Hibernate: select user0_.id as id1_4_, user0_.email as email2_4_, user0_.password as password3_4_ from user user0_ where user0_.email=?
2022-04-13 15:26:30.087  INFO 21384 --- [nio-8889-exec-5] engine.controller.QuizController         : User{id=2, email='user@google.com', password='$2a$10$ZY3SVGBGsWgFTLE1JiYTweE2Dyklh9vtWYyj/mGrhTzZ5w3CJcZHy'} has created: Quiz{id=0, title='Math5', text='Which of the following is equal to 4?', options=[2^2, 2+2, 2-2, 2*2], answers=[0, 1, 3], author=User{id=2, email='user@google.com', password='$2a$10$ZY3SVGBGsWgFTLE1JiYTweE2Dyklh9vtWYyj/mGrhTzZ5w3CJcZHy'}}
Hibernate: call next value for hibernate_sequence
Hibernate: insert into quiz (author_id, text, title, id) values (?, ?, ?, ?)
Hibernate: insert into quiz_answers (quiz_id, answers) values (?, ?)
Hibernate: insert into quiz_answers (quiz_id, answers) values (?, ?)
Hibernate: insert into quiz_answers (quiz_id, answers) values (?, ?)
Hibernate: insert into quiz_options (quiz_id, options) values (?, ?)
Hibernate: insert into quiz_options (quiz_id, options) values (?, ?)
Hibernate: insert into quiz_options (quiz_id, options) values (?, ?)
Hibernate: insert into quiz_options (quiz_id, options) values (?, ?)
?[1;31m
Start test 231?[0m
Hibernate: select user0_.id as id1_4_, user0_.email as email2_4_, user0_.password as password3_4_ from user user0_ where user0_.email=?
Hibernate: select quiz0_.id as id1_0_, quiz0_.author_id as author_i4_0_, quiz0_.text as text2_0_, quiz0_.title as title3_0_ from quiz quiz0_ limit ?
Hibernate: select user0_.id as id1_4_0_, user0_.email as email2_4_0_, user0_.password as password3_4_0_ from user user0_ where user0_.id=?
Hibernate: select user0_.id as id1_4_0_, user0_.email as email2_4_0_, user0_.password as password3_4_0_ from user user0_ where user0_.id=?
Hibernate: select count(quiz0_.id) as col_0_0_ from quiz quiz0_
Hibernate: select options0_.quiz_id as quiz_id1_2_0_, options0_.options as options2_2_0_ from quiz_options options0_ where options0_.quiz_id=?
Hibernate: select options0_.quiz_id as quiz_id1_2_0_, options0_.options as options2_2_0_ from quiz_options options0_ where options0_.quiz_id=?
Hibernate: select options0_.quiz_id as quiz_id1_2_0_, options0_.options as options2_2_0_ from quiz_options options0_ where options0_.quiz_id=?
Hibernate: select options0_.quiz_id as quiz_id1_2_0_, options0_.options as options2_2_0_ from quiz_options options0_ where options0_.quiz_id=?
Hibernate: select options0_.quiz_id as quiz_id1_2_0_, options0_.options as options2_2_0_ from quiz_options options0_ where options0_.quiz_id=?
Hibernate: select options0_.quiz_id as quiz_id1_2_0_, options0_.options as options2_2_0_ from quiz_options options0_ where options0_.quiz_id=?
Hibernate: select options0_.quiz_id as quiz_id1_2_0_, options0_.options as options2_2_0_ from quiz_options options0_ where options0_.quiz_id=?
Hibernate: select options0_.quiz_id as quiz_id1_2_0_, options0_.options as options2_2_0_ from quiz_options options0_ where options0_.quiz_id=?
Hibernate: select options0_.quiz_id as quiz_id1_2_0_, options0_.options as options2_2_0_ from quiz_options options0_ where options0_.quiz_id=?
Hibernate: select options0_.quiz_id as quiz_id1_2_0_, options0_.options as options2_2_0_ from quiz_options options0_ where options0_.quiz_id=?
?[1;31m
Start test 232?[0m
Hibernate: select user0_.id as id1_4_, user0_.email as email2_4_, user0_.password as password3_4_ from user user0_ where user0_.email=?
Hibernate: select quiz0_.id as id1_0_, quiz0_.author_id as author_i4_0_, quiz0_.text as text2_0_, quiz0_.title as title3_0_ from quiz quiz0_ limit ?
Hibernate: select user0_.id as id1_4_0_, user0_.email as email2_4_0_, user0_.password as password3_4_0_ from user user0_ where user0_.id=?
Hibernate: select user0_.id as id1_4_0_, user0_.email as email2_4_0_, user0_.password as password3_4_0_ from user user0_ where user0_.id=?
Hibernate: select count(quiz0_.id) as col_0_0_ from quiz quiz0_
Hibernate: select options0_.quiz_id as quiz_id1_2_0_, options0_.options as options2_2_0_ from quiz_options options0_ where options0_.quiz_id=?
Hibernate: select options0_.quiz_id as quiz_id1_2_0_, options0_.options as options2_2_0_ from quiz_options options0_ where options0_.quiz_id=?
Hibernate: select options0_.quiz_id as quiz_id1_2_0_, options0_.options as options2_2_0_ from quiz_options options0_ where options0_.quiz_id=?
Hibernate: select options0_.quiz_id as quiz_id1_2_0_, options0_.options as options2_2_0_ from quiz_options options0_ where options0_.quiz_id=?
Hibernate: select options0_.quiz_id as quiz_id1_2_0_, options0_.options as options2_2_0_ from quiz_options options0_ where options0_.quiz_id=?
Hibernate: select options0_.quiz_id as quiz_id1_2_0_, options0_.options as options2_2_0_ from quiz_options options0_ where options0_.quiz_id=?
Hibernate: select options0_.quiz_id as quiz_id1_2_0_, options0_.options as options2_2_0_ from quiz_options options0_ where options0_.quiz_id=?
Hibernate: select options0_.quiz_id as quiz_id1_2_0_, options0_.options as options2_2_0_ from quiz_options options0_ where options0_.quiz_id=?
Hibernate: select options0_.quiz_id as quiz_id1_2_0_, options0_.options as options2_2_0_ from quiz_options options0_ where options0_.quiz_id=?
Hibernate: select options0_.quiz_id as quiz_id1_2_0_, options0_.options as options2_2_0_ from quiz_options options0_ where options0_.quiz_id=?
?[1;31m
Start test 233?[0m
Hibernate: select user0_.id as id1_4_, user0_.email as email2_4_, user0_.password as password3_4_ from user user0_ where user0_.email=?
Hibernate: select quiz0_.id as id1_0_, quiz0_.author_id as author_i4_0_, quiz0_.text as text2_0_, quiz0_.title as title3_0_ from quiz quiz0_ limit ? offset ?
Hibernate: select user0_.id as id1_4_0_, user0_.email as email2_4_0_, user0_.password as password3_4_0_ from user user0_ where user0_.id=?
Hibernate: select user0_.id as id1_4_0_, user0_.email as email2_4_0_, user0_.password as password3_4_0_ from user user0_ where user0_.id=?
Hibernate: select options0_.quiz_id as quiz_id1_2_0_, options0_.options as options2_2_0_ from quiz_options options0_ where options0_.quiz_id=?
Hibernate: select options0_.quiz_id as quiz_id1_2_0_, options0_.options as options2_2_0_ from quiz_options options0_ where options0_.quiz_id=?
Hibernate: select options0_.quiz_id as quiz_id1_2_0_, options0_.options as options2_2_0_ from quiz_options options0_ where options0_.quiz_id=?
Hibernate: select options0_.quiz_id as quiz_id1_2_0_, options0_.options as options2_2_0_ from quiz_options options0_ where options0_.quiz_id=?
Hibernate: select options0_.quiz_id as quiz_id1_2_0_, options0_.options as options2_2_0_ from quiz_options options0_ where options0_.quiz_id=?
?[1;31m
Start test 234?[0m
Hibernate: select user0_.id as id1_4_, user0_.email as email2_4_, user0_.password as password3_4_ from user user0_ where user0_.email=?
Hibernate: select quiz0_.id as id1_0_, quiz0_.author_id as author_i4_0_, quiz0_.text as text2_0_, quiz0_.title as title3_0_ from quiz quiz0_ limit ? offset ?
Hibernate: select user0_.id as id1_4_0_, user0_.email as email2_4_0_, user0_.password as password3_4_0_ from user user0_ where user0_.id=?
Hibernate: select user0_.id as id1_4_0_, user0_.email as email2_4_0_, user0_.password as password3_4_0_ from user user0_ where user0_.id=?
Hibernate: select options0_.quiz_id as quiz_id1_2_0_, options0_.options as options2_2_0_ from quiz_options options0_ where options0_.quiz_id=?
Hibernate: select options0_.quiz_id as quiz_id1_2_0_, options0_.options as options2_2_0_ from quiz_options options0_ where options0_.quiz_id=?
Hibernate: select options0_.quiz_id as quiz_id1_2_0_, options0_.options as options2_2_0_ from quiz_options options0_ where options0_.quiz_id=?
Hibernate: select options0_.quiz_id as quiz_id1_2_0_, options0_.options as options2_2_0_ from quiz_options options0_ where options0_.quiz_id=?
Hibernate: select options0_.quiz_id as quiz_id1_2_0_, options0_.options as options2_2_0_ from quiz_options options0_ where options0_.quiz_id=?
]]></system-out>
  <system-err><![CDATA[]]></system-err>
</testsuite>
